{"meta": {"format": 3, "version": "7.6.10", "timestamp": "2025-02-04T18:52:40.230004", "branch_coverage": false, "show_contexts": false}, "files": {"operator-pipeline-images/operatorcert/__init__.py": {"executed_lines": [1, 5, 6, 7, 8, 9, 10, 11, 13, 14, 15, 16, 19, 20, 22, 25, 35, 39, 40, 41, 43, 44, 45, 48, 64, 66, 70, 76, 77, 79, 80, 81, 84, 94, 95, 96, 97, 98, 99, 100, 101, 104, 105, 107, 110, 124, 125, 126, 128, 129, 130, 131, 133, 136, 152, 153, 155, 157, 158, 160, 162, 163, 164, 166, 167, 169, 170, 173, 174, 176, 177, 179, 188, 194, 202, 203, 205, 208, 210, 212, 213, 214, 215, 216, 218, 221, 228, 229, 231, 232, 233, 238, 239, 241, 244, 253, 262, 264, 265, 267, 268, 269, 273, 281, 284, 285, 287, 288], "summary": {"covered_lines": 107, "num_statements": 107, "percent_covered": 100.0, "percent_covered_display": "100", "missing_lines": 0, "excluded_lines": 0}, "missing_lines": [], "excluded_lines": [], "functions": {"get_bundle_annotations": {"executed_lines": [35, 39, 40, 41, 43, 44, 45], "summary": {"covered_lines": 7, "num_statements": 7, "percent_covered": 100.0, "percent_covered_display": "100", "missing_lines": 0, "excluded_lines": 0}, "missing_lines": [], "excluded_lines": []}, "get_supported_indices": {"executed_lines": [64, 66, 70, 76, 77, 79, 80, 81], "summary": {"covered_lines": 8, "num_statements": 8, "percent_covered": 100.0, "percent_covered_display": "100", "missing_lines": 0, "excluded_lines": 0}, "missing_lines": [], "excluded_lines": []}, "filter_out_eol_versions": {"executed_lines": [94, 95, 96, 97, 98, 99, 100, 101, 104, 105, 107], "summary": {"covered_lines": 11, "num_statements": 11, "percent_covered": 100.0, "percent_covered_display": "100", "missing_lines": 0, "excluded_lines": 0}, "missing_lines": [], "excluded_lines": []}, "get_skipped_versions": {"executed_lines": [124, 125, 126, 128, 129, 130, 131, 133], "summary": {"covered_lines": 8, "num_statements": 8, "percent_covered": 100.0, "percent_covered_display": "100", "missing_lines": 0, "excluded_lines": 0}, "missing_lines": [], "excluded_lines": []}, "ocp_version_info": {"executed_lines": [152, 153, 155, 157, 158, 160, 162, 163, 164, 166, 167, 169, 170, 173, 174, 176, 177, 179], "summary": {"covered_lines": 18, "num_statements": 18, "percent_covered": 100.0, "percent_covered_display": "100", "missing_lines": 0, "excluded_lines": 0}, "missing_lines": [], "excluded_lines": []}, "get_repo_and_org_from_github_url": {"executed_lines": [194, 202, 203, 205, 208, 210, 212, 213, 214, 215, 216, 218], "summary": {"covered_lines": 12, "num_statements": 12, "percent_covered": 100.0, "percent_covered_display": "100", "missing_lines": 0, "excluded_lines": 0}, "missing_lines": [], "excluded_lines": []}, "parse_pr_title": {"executed_lines": [228, 229, 231, 232, 233, 238, 239, 241], "summary": {"covered_lines": 8, "num_statements": 8, "percent_covered": 100.0, "percent_covered_display": "100", "missing_lines": 0, "excluded_lines": 0}, "missing_lines": [], "excluded_lines": []}, "download_test_results": {"executed_lines": [253, 262, 264, 265, 267, 268, 269, 273, 281, 284, 285, 287, 288], "summary": {"covered_lines": 13, "num_statements": 13, "percent_covered": 100.0, "percent_covered_display": "100", "missing_lines": 0, "excluded_lines": 0}, "missing_lines": [], "excluded_lines": []}, "": {"executed_lines": [1, 5, 6, 7, 8, 9, 10, 11, 13, 14, 15, 16, 19, 20, 22, 25, 48, 84, 110, 136, 188, 221, 244], "summary": {"covered_lines": 22, "num_statements": 22, "percent_covered": 100.0, "percent_covered_display": "100", "missing_lines": 0, "excluded_lines": 0}, "missing_lines": [], "excluded_lines": []}}, "classes": {"": {"executed_lines": [1, 5, 6, 7, 8, 9, 10, 11, 13, 14, 15, 16, 19, 20, 22, 25, 35, 39, 40, 41, 43, 44, 45, 48, 64, 66, 70, 76, 77, 79, 80, 81, 84, 94, 95, 96, 97, 98, 99, 100, 101, 104, 105, 107, 110, 124, 125, 126, 128, 129, 130, 131, 133, 136, 152, 153, 155, 157, 158, 160, 162, 163, 164, 166, 167, 169, 170, 173, 174, 176, 177, 179, 188, 194, 202, 203, 205, 208, 210, 212, 213, 214, 215, 216, 218, 221, 228, 229, 231, 232, 233, 238, 239, 241, 244, 253, 262, 264, 265, 267, 268, 269, 273, 281, 284, 285, 287, 288], "summary": {"covered_lines": 107, "num_statements": 107, "percent_covered": 100.0, "percent_covered_display": "100", "missing_lines": 0, "excluded_lines": 0}, "missing_lines": [], "excluded_lines": []}}}, "operator-pipeline-images/operatorcert/buildah.py": {"executed_lines": [1, 3, 4, 5, 7, 9, 12, 24, 35, 36, 39, 50, 51, 60, 61], "summary": {"covered_lines": 14, "num_statements": 14, "percent_covered": 100.0, "percent_covered_display": "100", "missing_lines": 0, "excluded_lines": 0}, "missing_lines": [], "excluded_lines": [], "functions": {"build_image": {"executed_lines": [24, 35, 36], "summary": {"covered_lines": 3, "num_statements": 3, "percent_covered": 100.0, "percent_covered_display": "100", "missing_lines": 0, "excluded_lines": 0}, "missing_lines": [], "excluded_lines": []}, "push_image": {"executed_lines": [50, 51, 60, 61], "summary": {"covered_lines": 4, "num_statements": 4, "percent_covered": 100.0, "percent_covered_display": "100", "missing_lines": 0, "excluded_lines": 0}, "missing_lines": [], "excluded_lines": []}, "": {"executed_lines": [1, 3, 4, 5, 7, 9, 12, 39], "summary": {"covered_lines": 7, "num_statements": 7, "percent_covered": 100.0, "percent_covered_display": "100", "missing_lines": 0, "excluded_lines": 0}, "missing_lines": [], "excluded_lines": []}}, "classes": {"": {"executed_lines": [1, 3, 4, 5, 7, 9, 12, 24, 35, 36, 39, 50, 51, 60, 61], "summary": {"covered_lines": 14, "num_statements": 14, "percent_covered": 100.0, "percent_covered_display": "100", "missing_lines": 0, "excluded_lines": 0}, "missing_lines": [], "excluded_lines": []}}}, "operator-pipeline-images/operatorcert/bundle.py": {"executed_lines": [1, 3, 4, 5, 6, 7, 8, 10, 11, 13, 16, 17, 22, 25, 26, 28, 29, 31, 38, 40, 47, 49, 53, 54, 55, 56, 58, 59, 67, 69, 70, 71, 73, 80, 81, 83, 84, 92, 93, 99, 100, 102, 103, 104, 106, 110, 116, 117, 119, 121, 129, 130, 131, 136, 138, 139, 146, 148, 149, 156, 158, 159, 166, 169, 170, 172, 173, 180, 181, 182, 185, 186, 188, 198, 199, 201, 208, 209, 213, 214, 215], "summary": {"covered_lines": 79, "num_statements": 79, "percent_covered": 100.0, "percent_covered_display": "100", "missing_lines": 0, "excluded_lines": 0}, "missing_lines": [], "excluded_lines": [], "functions": {"BundleImage.__init__": {"executed_lines": [25, 26, 28, 29], "summary": {"covered_lines": 4, "num_statements": 4, "percent_covered": 100.0, "percent_covered_display": "100", "missing_lines": 0, "excluded_lines": 0}, "missing_lines": [], "excluded_lines": []}, "BundleImage.__str__": {"executed_lines": [38], "summary": {"covered_lines": 1, "num_statements": 1, "percent_covered": 100.0, "percent_covered_display": "100", "missing_lines": 0, "excluded_lines": 0}, "missing_lines": [], "excluded_lines": []}, "BundleImage.__repr__": {"executed_lines": [47], "summary": {"covered_lines": 1, "num_statements": 1, "percent_covered": 100.0, "percent_covered_display": "100", "missing_lines": 0, "excluded_lines": 0}, "missing_lines": [], "excluded_lines": []}, "BundleImage.__del__": {"executed_lines": [53, 54, 55, 56], "summary": {"covered_lines": 4, "num_statements": 4, "percent_covered": 100.0, "percent_covered_display": "100", "missing_lines": 0, "excluded_lines": 0}, "missing_lines": [], "excluded_lines": []}, "BundleImage.content_path": {"executed_lines": [67, 69, 70, 71], "summary": {"covered_lines": 4, "num_statements": 4, "percent_covered": 100.0, "percent_covered_display": "100", "missing_lines": 0, "excluded_lines": 0}, "missing_lines": [], "excluded_lines": []}, "BundleImage._copy_and_extract_image": {"executed_lines": [80, 81], "summary": {"covered_lines": 2, "num_statements": 2, "percent_covered": 100.0, "percent_covered_display": "100", "missing_lines": 0, "excluded_lines": 0}, "missing_lines": [], "excluded_lines": []}, "BundleImage.inspect_data": {"executed_lines": [92, 93, 99, 100, 102, 103, 104], "summary": {"covered_lines": 7, "num_statements": 7, "percent_covered": 100.0, "percent_covered_display": "100", "missing_lines": 0, "excluded_lines": 0}, "missing_lines": [], "excluded_lines": []}, "BundleImage._copy_image": {"executed_lines": [110, 116, 117, 119], "summary": {"covered_lines": 4, "num_statements": 4, "percent_covered": 100.0, "percent_covered_display": "100", "missing_lines": 0, "excluded_lines": 0}, "missing_lines": [], "excluded_lines": []}, "BundleImage._extract_content": {"executed_lines": [129, 130, 131, 136], "summary": {"covered_lines": 4, "num_statements": 4, "percent_covered": 100.0, "percent_covered_display": "100", "missing_lines": 0, "excluded_lines": 0}, "missing_lines": [], "excluded_lines": []}, "BundleImage.labels": {"executed_lines": [146], "summary": {"covered_lines": 1, "num_statements": 1, "percent_covered": 100.0, "percent_covered_display": "100", "missing_lines": 0, "excluded_lines": 0}, "missing_lines": [], "excluded_lines": []}, "BundleImage.annotations": {"executed_lines": [156], "summary": {"covered_lines": 1, "num_statements": 1, "percent_covered": 100.0, "percent_covered_display": "100", "missing_lines": 0, "excluded_lines": 0}, "missing_lines": [], "excluded_lines": []}, "BundleImage.manifest_file": {"executed_lines": [166, 169, 170], "summary": {"covered_lines": 3, "num_statements": 3, "percent_covered": 100.0, "percent_covered_display": "100", "missing_lines": 0, "excluded_lines": 0}, "missing_lines": [], "excluded_lines": []}, "BundleImage.config": {"executed_lines": [180, 181, 182, 185, 186], "summary": {"covered_lines": 5, "num_statements": 5, "percent_covered": 100.0, "percent_covered_display": "100", "missing_lines": 0, "excluded_lines": 0}, "missing_lines": [], "excluded_lines": []}, "BundleImage.get_bundle_file": {"executed_lines": [198, 199], "summary": {"covered_lines": 2, "num_statements": 2, "percent_covered": 100.0, "percent_covered_display": "100", "missing_lines": 0, "excluded_lines": 0}, "missing_lines": [], "excluded_lines": []}, "BundleImage.get_csv_file": {"executed_lines": [208, 209, 213, 214, 215], "summary": {"covered_lines": 5, "num_statements": 5, "percent_covered": 100.0, "percent_covered_display": "100", "missing_lines": 0, "excluded_lines": 0}, "missing_lines": [], "excluded_lines": []}, "": {"executed_lines": [1, 3, 4, 5, 6, 7, 8, 10, 11, 13, 16, 17, 22, 31, 40, 49, 58, 59, 73, 83, 84, 106, 121, 138, 139, 148, 149, 158, 159, 172, 173, 188, 201], "summary": {"covered_lines": 31, "num_statements": 31, "percent_covered": 100.0, "percent_covered_display": "100", "missing_lines": 0, "excluded_lines": 0}, "missing_lines": [], "excluded_lines": []}}, "classes": {"BundleImage": {"executed_lines": [25, 26, 28, 29, 38, 47, 53, 54, 55, 56, 67, 69, 70, 71, 80, 81, 92, 93, 99, 100, 102, 103, 104, 110, 116, 117, 119, 129, 130, 131, 136, 146, 156, 166, 169, 170, 180, 181, 182, 185, 186, 198, 199, 208, 209, 213, 214, 215], "summary": {"covered_lines": 48, "num_statements": 48, "percent_covered": 100.0, "percent_covered_display": "100", "missing_lines": 0, "excluded_lines": 0}, "missing_lines": [], "excluded_lines": []}, "": {"executed_lines": [1, 3, 4, 5, 6, 7, 8, 10, 11, 13, 16, 17, 22, 31, 40, 49, 58, 59, 73, 83, 84, 106, 121, 138, 139, 148, 149, 158, 159, 172, 173, 188, 201], "summary": {"covered_lines": 31, "num_statements": 31, "percent_covered": 100.0, "percent_covered_display": "100", "missing_lines": 0, "excluded_lines": 0}, "missing_lines": [], "excluded_lines": []}}}, "operator-pipeline-images/operatorcert/catalog/__init__.py": {"executed_lines": [1], "summary": {"covered_lines": 0, "num_statements": 0, "percent_covered": 100.0, "percent_covered_display": "100", "missing_lines": 0, "excluded_lines": 0}, "missing_lines": [], "excluded_lines": [], "functions": {"": {"executed_lines": [1], "summary": {"covered_lines": 0, "num_statements": 0, "percent_covered": 100.0, "percent_covered_display": "100", "missing_lines": 0, "excluded_lines": 0}, "missing_lines": [], "excluded_lines": []}}, "classes": {"": {"executed_lines": [1], "summary": {"covered_lines": 0, "num_statements": 0, "percent_covered": 100.0, "percent_covered_display": "100", "missing_lines": 0, "excluded_lines": 0}, "missing_lines": [], "excluded_lines": []}}}, "operator-pipeline-images/operatorcert/catalog/bundle.py": {"executed_lines": [1, 3, 6, 7, 11, 12, 13, 15, 16, 23, 25, 26, 33, 35, 36, 43, 45, 52, 54, 61, 63, 70, 71, 72, 73, 74, 76, 80, 81, 82, 84, 85, 86], "summary": {"covered_lines": 31, "num_statements": 31, "percent_covered": 100.0, "percent_covered_display": "100", "missing_lines": 0, "excluded_lines": 0}, "missing_lines": [], "excluded_lines": [], "functions": {"CatalogBundle.__init__": {"executed_lines": [12, 13], "summary": {"covered_lines": 2, "num_statements": 2, "percent_covered": 100.0, "percent_covered_display": "100", "missing_lines": 0, "excluded_lines": 0}, "missing_lines": [], "excluded_lines": []}, "CatalogBundle.name": {"executed_lines": [23], "summary": {"covered_lines": 1, "num_statements": 1, "percent_covered": 100.0, "percent_covered_display": "100", "missing_lines": 0, "excluded_lines": 0}, "missing_lines": [], "excluded_lines": []}, "CatalogBundle.package_name": {"executed_lines": [33], "summary": {"covered_lines": 1, "num_statements": 1, "percent_covered": 100.0, "percent_covered_display": "100", "missing_lines": 0, "excluded_lines": 0}, "missing_lines": [], "excluded_lines": []}, "CatalogBundle.image": {"executed_lines": [43], "summary": {"covered_lines": 1, "num_statements": 1, "percent_covered": 100.0, "percent_covered_display": "100", "missing_lines": 0, "excluded_lines": 0}, "missing_lines": [], "excluded_lines": []}, "CatalogBundle.__str__": {"executed_lines": [52], "summary": {"covered_lines": 1, "num_statements": 1, "percent_covered": 100.0, "percent_covered_display": "100", "missing_lines": 0, "excluded_lines": 0}, "missing_lines": [], "excluded_lines": []}, "CatalogBundle.__repr__": {"executed_lines": [61], "summary": {"covered_lines": 1, "num_statements": 1, "percent_covered": 100.0, "percent_covered_display": "100", "missing_lines": 0, "excluded_lines": 0}, "missing_lines": [], "excluded_lines": []}, "CatalogBundle.get_channels": {"executed_lines": [70, 71, 72, 73, 74], "summary": {"covered_lines": 5, "num_statements": 5, "percent_covered": 100.0, "percent_covered_display": "100", "missing_lines": 0, "excluded_lines": 0}, "missing_lines": [], "excluded_lines": []}, "CatalogBundle.print": {"executed_lines": [80, 81, 82, 84, 85, 86], "summary": {"covered_lines": 6, "num_statements": 6, "percent_covered": 100.0, "percent_covered_display": "100", "missing_lines": 0, "excluded_lines": 0}, "missing_lines": [], "excluded_lines": []}, "": {"executed_lines": [1, 3, 6, 7, 11, 15, 16, 25, 26, 35, 36, 45, 54, 63, 76], "summary": {"covered_lines": 13, "num_statements": 13, "percent_covered": 100.0, "percent_covered_display": "100", "missing_lines": 0, "excluded_lines": 0}, "missing_lines": [], "excluded_lines": []}}, "classes": {"CatalogBundle": {"executed_lines": [12, 13, 23, 33, 43, 52, 61, 70, 71, 72, 73, 74, 80, 81, 82, 84, 85, 86], "summary": {"covered_lines": 18, "num_statements": 18, "percent_covered": 100.0, "percent_covered_display": "100", "missing_lines": 0, "excluded_lines": 0}, "missing_lines": [], "excluded_lines": []}, "": {"executed_lines": [1, 3, 6, 7, 11, 15, 16, 25, 26, 35, 36, 45, 54, 63, 76], "summary": {"covered_lines": 13, "num_statements": 13, "percent_covered": 100.0, "percent_covered_display": "100", "missing_lines": 0, "excluded_lines": 0}, "missing_lines": [], "excluded_lines": []}}}, "operator-pipeline-images/operatorcert/catalog/catalog.py": {"executed_lines": [1, 3, 5, 6, 7, 8, 9, 12, 13, 21, 22, 23, 25, 26, 27, 29, 30, 41, 42, 44, 46, 53, 55, 56, 64, 65, 66, 67, 68, 69, 70, 72, 80, 81, 82, 83, 84, 86, 97, 98, 99, 100, 102, 110, 111, 112, 113, 114, 116, 128, 129, 130, 131, 132, 134, 142, 143, 144, 145, 146, 148, 159, 160, 161, 162, 164, 174, 175, 176, 177, 178, 181, 182, 188, 189, 191, 193, 194, 203, 204, 206, 208, 217, 218, 220, 231, 232, 233, 235, 237], "summary": {"covered_lines": 87, "num_statements": 87, "percent_covered": 100.0, "percent_covered_display": "100", "missing_lines": 0, "excluded_lines": 0}, "missing_lines": [], "excluded_lines": [], "functions": {"Catalog.__init__": {"executed_lines": [22, 23, 25, 26, 27], "summary": {"covered_lines": 5, "num_statements": 5, "percent_covered": 100.0, "percent_covered_display": "100", "missing_lines": 0, "excluded_lines": 0}, "missing_lines": [], "excluded_lines": []}, "Catalog.from_file": {"executed_lines": [41, 42, 44], "summary": {"covered_lines": 3, "num_statements": 3, "percent_covered": 100.0, "percent_covered_display": "100", "missing_lines": 0, "excluded_lines": 0}, "missing_lines": [], "excluded_lines": []}, "Catalog.__iter__": {"executed_lines": [53], "summary": {"covered_lines": 1, "num_statements": 1, "percent_covered": 100.0, "percent_covered_display": "100", "missing_lines": 0, "excluded_lines": 0}, "missing_lines": [], "excluded_lines": []}, "Catalog.content_types": {"executed_lines": [64, 65, 66, 67, 68, 69, 70], "summary": {"covered_lines": 7, "num_statements": 7, "percent_covered": 100.0, "percent_covered_display": "100", "missing_lines": 0, "excluded_lines": 0}, "missing_lines": [], "excluded_lines": []}, "Catalog.get_all_packages": {"executed_lines": [80, 81, 82, 83, 84], "summary": {"covered_lines": 5, "num_statements": 5, "percent_covered": 100.0, "percent_covered_display": "100", "missing_lines": 0, "excluded_lines": 0}, "missing_lines": [], "excluded_lines": []}, "Catalog.get_package": {"executed_lines": [97, 98, 99, 100], "summary": {"covered_lines": 4, "num_statements": 4, "percent_covered": 100.0, "percent_covered_display": "100", "missing_lines": 0, "excluded_lines": 0}, "missing_lines": [], "excluded_lines": []}, "Catalog.get_all_channels": {"executed_lines": [110, 111, 112, 113, 114], "summary": {"covered_lines": 5, "num_statements": 5, "percent_covered": 100.0, "percent_covered_display": "100", "missing_lines": 0, "excluded_lines": 0}, "missing_lines": [], "excluded_lines": []}, "Catalog.get_channels": {"executed_lines": [128, 129, 130, 131, 132], "summary": {"covered_lines": 5, "num_statements": 5, "percent_covered": 100.0, "percent_covered_display": "100", "missing_lines": 0, "excluded_lines": 0}, "missing_lines": [], "excluded_lines": []}, "Catalog.get_all_bundles": {"executed_lines": [142, 143, 144, 145, 146], "summary": {"covered_lines": 5, "num_statements": 5, "percent_covered": 100.0, "percent_covered_display": "100", "missing_lines": 0, "excluded_lines": 0}, "missing_lines": [], "excluded_lines": []}, "Catalog.get_bundle": {"executed_lines": [159, 160, 161, 162], "summary": {"covered_lines": 4, "num_statements": 4, "percent_covered": 100.0, "percent_covered_display": "100", "missing_lines": 0, "excluded_lines": 0}, "missing_lines": [], "excluded_lines": []}, "Catalog.get_bundles_by_package": {"executed_lines": [174, 175, 176, 177, 178], "summary": {"covered_lines": 5, "num_statements": 5, "percent_covered": 100.0, "percent_covered_display": "100", "missing_lines": 0, "excluded_lines": 0}, "missing_lines": [], "excluded_lines": []}, "CatalogImage.__init__": {"executed_lines": [189, 191], "summary": {"covered_lines": 2, "num_statements": 2, "percent_covered": 100.0, "percent_covered_display": "100", "missing_lines": 0, "excluded_lines": 0}, "missing_lines": [], "excluded_lines": []}, "CatalogImage.catalog_content": {"executed_lines": [203, 204, 206], "summary": {"covered_lines": 3, "num_statements": 3, "percent_covered": 100.0, "percent_covered_display": "100", "missing_lines": 0, "excluded_lines": 0}, "missing_lines": [], "excluded_lines": []}, "CatalogImage._get_catalog_content": {"executed_lines": [217, 218], "summary": {"covered_lines": 2, "num_statements": 2, "percent_covered": 100.0, "percent_covered_display": "100", "missing_lines": 0, "excluded_lines": 0}, "missing_lines": [], "excluded_lines": []}, "CatalogImage._opm_render": {"executed_lines": [231, 232, 233], "summary": {"covered_lines": 3, "num_statements": 3, "percent_covered": 100.0, "percent_covered_display": "100", "missing_lines": 0, "excluded_lines": 0}, "missing_lines": [], "excluded_lines": []}, "CatalogImage.__str__": {"executed_lines": [237], "summary": {"covered_lines": 1, "num_statements": 1, "percent_covered": 100.0, "percent_covered_display": "100", "missing_lines": 0, "excluded_lines": 0}, "missing_lines": [], "excluded_lines": []}, "": {"executed_lines": [1, 3, 5, 6, 7, 8, 9, 12, 13, 21, 29, 30, 46, 55, 56, 72, 86, 102, 116, 134, 148, 164, 181, 182, 188, 193, 194, 208, 220, 235], "summary": {"covered_lines": 27, "num_statements": 27, "percent_covered": 100.0, "percent_covered_display": "100", "missing_lines": 0, "excluded_lines": 0}, "missing_lines": [], "excluded_lines": []}}, "classes": {"Catalog": {"executed_lines": [22, 23, 25, 26, 27, 41, 42, 44, 53, 64, 65, 66, 67, 68, 69, 70, 80, 81, 82, 83, 84, 97, 98, 99, 100, 110, 111, 112, 113, 114, 128, 129, 130, 131, 132, 142, 143, 144, 145, 146, 159, 160, 161, 162, 174, 175, 176, 177, 178], "summary": {"covered_lines": 49, "num_statements": 49, "percent_covered": 100.0, "percent_covered_display": "100", "missing_lines": 0, "excluded_lines": 0}, "missing_lines": [], "excluded_lines": []}, "CatalogImage": {"executed_lines": [189, 191, 203, 204, 206, 217, 218, 231, 232, 233, 237], "summary": {"covered_lines": 11, "num_statements": 11, "percent_covered": 100.0, "percent_covered_display": "100", "missing_lines": 0, "excluded_lines": 0}, "missing_lines": [], "excluded_lines": []}, "": {"executed_lines": [1, 3, 5, 6, 7, 8, 9, 12, 13, 21, 29, 30, 46, 55, 56, 72, 86, 102, 116, 134, 148, 164, 181, 182, 188, 193, 194, 208, 220, 235], "summary": {"covered_lines": 27, "num_statements": 27, "percent_covered": 100.0, "percent_covered_display": "100", "missing_lines": 0, "excluded_lines": 0}, "missing_lines": [], "excluded_lines": []}}}, "operator-pipeline-images/operatorcert/catalog/catalog_cli.py": {"executed_lines": [1, 3, 4, 6, 9, 16, 21, 22, 26, 29, 33, 39, 40, 41, 44, 47, 53, 55, 58, 68, 69, 70, 71, 72, 73, 74, 75, 76, 77, 78, 79, 80, 81, 82, 83, 84, 85, 87, 88, 89, 92, 102, 103, 104, 105, 106, 107, 108, 109, 110, 111, 112, 113, 116, 120, 121, 122, 123, 124, 125, 126, 127, 129, 130, 131, 132, 133, 136], "summary": {"covered_lines": 66, "num_statements": 66, "percent_covered": 100.0, "percent_covered_display": "100", "missing_lines": 0, "excluded_lines": 2}, "missing_lines": [], "excluded_lines": [136, 137], "functions": {"setup_argparser": {"executed_lines": [16, 21, 22, 26, 29, 33, 39, 40, 41, 44, 47, 53, 55], "summary": {"covered_lines": 13, "num_statements": 13, "percent_covered": 100.0, "percent_covered_display": "100", "missing_lines": 0, "excluded_lines": 0}, "missing_lines": [], "excluded_lines": []}, "handle_list_command": {"executed_lines": [68, 69, 70, 71, 72, 73, 74, 75, 76, 77, 78, 79, 80, 81, 82, 83, 84, 85, 87, 88, 89], "summary": {"covered_lines": 21, "num_statements": 21, "percent_covered": 100.0, "percent_covered_display": "100", "missing_lines": 0, "excluded_lines": 0}, "missing_lines": [], "excluded_lines": []}, "handle_show_command": {"executed_lines": [102, 103, 104, 105, 106, 107, 108, 109, 110, 111, 112, 113], "summary": {"covered_lines": 12, "num_statements": 12, "percent_covered": 100.0, "percent_covered_display": "100", "missing_lines": 0, "excluded_lines": 0}, "missing_lines": [], "excluded_lines": []}, "main": {"executed_lines": [120, 121, 122, 123, 124, 125, 126, 127, 129, 130, 131, 132, 133], "summary": {"covered_lines": 13, "num_statements": 13, "percent_covered": 100.0, "percent_covered_display": "100", "missing_lines": 0, "excluded_lines": 0}, "missing_lines": [], "excluded_lines": []}, "": {"executed_lines": [1, 3, 4, 6, 9, 58, 92, 116, 136], "summary": {"covered_lines": 7, "num_statements": 7, "percent_covered": 100.0, "percent_covered_display": "100", "missing_lines": 0, "excluded_lines": 2}, "missing_lines": [], "excluded_lines": [136, 137]}}, "classes": {"": {"executed_lines": [1, 3, 4, 6, 9, 16, 21, 22, 26, 29, 33, 39, 40, 41, 44, 47, 53, 55, 58, 68, 69, 70, 71, 72, 73, 74, 75, 76, 77, 78, 79, 80, 81, 82, 83, 84, 85, 87, 88, 89, 92, 102, 103, 104, 105, 106, 107, 108, 109, 110, 111, 112, 113, 116, 120, 121, 122, 123, 124, 125, 126, 127, 129, 130, 131, 132, 133, 136], "summary": {"covered_lines": 66, "num_statements": 66, "percent_covered": 100.0, "percent_covered_display": "100", "missing_lines": 0, "excluded_lines": 2}, "missing_lines": [], "excluded_lines": [136, 137]}}}, "operator-pipeline-images/operatorcert/catalog/channel.py": {"executed_lines": [1, 3, 6, 7, 11, 12, 13, 15, 16, 22, 24, 25, 32, 34, 36, 38, 40, 42, 44, 45, 46, 47, 48, 49], "summary": {"covered_lines": 22, "num_statements": 22, "percent_covered": 100.0, "percent_covered_display": "100", "missing_lines": 0, "excluded_lines": 0}, "missing_lines": [], "excluded_lines": [], "functions": {"CatalogChannel.__init__": {"executed_lines": [12, 13], "summary": {"covered_lines": 2, "num_statements": 2, "percent_covered": 100.0, "percent_covered_display": "100", "missing_lines": 0, "excluded_lines": 0}, "missing_lines": [], "excluded_lines": []}, "CatalogChannel.name": {"executed_lines": [22], "summary": {"covered_lines": 1, "num_statements": 1, "percent_covered": 100.0, "percent_covered_display": "100", "missing_lines": 0, "excluded_lines": 0}, "missing_lines": [], "excluded_lines": []}, "CatalogChannel.package_name": {"executed_lines": [32], "summary": {"covered_lines": 1, "num_statements": 1, "percent_covered": 100.0, "percent_covered_display": "100", "missing_lines": 0, "excluded_lines": 0}, "missing_lines": [], "excluded_lines": []}, "CatalogChannel.__str__": {"executed_lines": [36], "summary": {"covered_lines": 1, "num_statements": 1, "percent_covered": 100.0, "percent_covered_display": "100", "missing_lines": 0, "excluded_lines": 0}, "missing_lines": [], "excluded_lines": []}, "CatalogChannel.__repr__": {"executed_lines": [40], "summary": {"covered_lines": 1, "num_statements": 1, "percent_covered": 100.0, "percent_covered_display": "100", "missing_lines": 0, "excluded_lines": 0}, "missing_lines": [], "excluded_lines": []}, "CatalogChannel.print": {"executed_lines": [44, 45, 46, 47, 48, 49], "summary": {"covered_lines": 6, "num_statements": 6, "percent_covered": 100.0, "percent_covered_display": "100", "missing_lines": 0, "excluded_lines": 0}, "missing_lines": [], "excluded_lines": []}, "": {"executed_lines": [1, 3, 6, 7, 11, 15, 16, 24, 25, 34, 38, 42], "summary": {"covered_lines": 10, "num_statements": 10, "percent_covered": 100.0, "percent_covered_display": "100", "missing_lines": 0, "excluded_lines": 0}, "missing_lines": [], "excluded_lines": []}}, "classes": {"CatalogChannel": {"executed_lines": [12, 13, 22, 32, 36, 40, 44, 45, 46, 47, 48, 49], "summary": {"covered_lines": 12, "num_statements": 12, "percent_covered": 100.0, "percent_covered_display": "100", "missing_lines": 0, "excluded_lines": 0}, "missing_lines": [], "excluded_lines": []}, "": {"executed_lines": [1, 3, 6, 7, 11, 15, 16, 24, 25, 34, 38, 42], "summary": {"covered_lines": 10, "num_statements": 10, "percent_covered": 100.0, "percent_covered_display": "100", "missing_lines": 0, "excluded_lines": 0}, "missing_lines": [], "excluded_lines": []}}}, "operator-pipeline-images/operatorcert/catalog/package.py": {"executed_lines": [1, 3, 6, 7, 11, 12, 13, 15, 16, 23, 25, 29, 31, 35, 37, 44, 45, 46, 47, 48, 50, 57, 58, 59, 60, 61, 63, 67, 68, 69, 70, 71, 72, 73], "summary": {"covered_lines": 32, "num_statements": 32, "percent_covered": 100.0, "percent_covered_display": "100", "missing_lines": 0, "excluded_lines": 0}, "missing_lines": [], "excluded_lines": [], "functions": {"CatalogPackage.__init__": {"executed_lines": [12, 13], "summary": {"covered_lines": 2, "num_statements": 2, "percent_covered": 100.0, "percent_covered_display": "100", "missing_lines": 0, "excluded_lines": 0}, "missing_lines": [], "excluded_lines": []}, "CatalogPackage.name": {"executed_lines": [23], "summary": {"covered_lines": 1, "num_statements": 1, "percent_covered": 100.0, "percent_covered_display": "100", "missing_lines": 0, "excluded_lines": 0}, "missing_lines": [], "excluded_lines": []}, "CatalogPackage.__str__": {"executed_lines": [29], "summary": {"covered_lines": 1, "num_statements": 1, "percent_covered": 100.0, "percent_covered_display": "100", "missing_lines": 0, "excluded_lines": 0}, "missing_lines": [], "excluded_lines": []}, "CatalogPackage.__repr__": {"executed_lines": [35], "summary": {"covered_lines": 1, "num_statements": 1, "percent_covered": 100.0, "percent_covered_display": "100", "missing_lines": 0, "excluded_lines": 0}, "missing_lines": [], "excluded_lines": []}, "CatalogPackage.get_channels": {"executed_lines": [44, 45, 46, 47, 48], "summary": {"covered_lines": 5, "num_statements": 5, "percent_covered": 100.0, "percent_covered_display": "100", "missing_lines": 0, "excluded_lines": 0}, "missing_lines": [], "excluded_lines": []}, "CatalogPackage.get_bundles": {"executed_lines": [57, 58, 59, 60, 61], "summary": {"covered_lines": 5, "num_statements": 5, "percent_covered": 100.0, "percent_covered_display": "100", "missing_lines": 0, "excluded_lines": 0}, "missing_lines": [], "excluded_lines": []}, "CatalogPackage.print": {"executed_lines": [67, 68, 69, 70, 71, 72, 73], "summary": {"covered_lines": 7, "num_statements": 7, "percent_covered": 100.0, "percent_covered_display": "100", "missing_lines": 0, "excluded_lines": 0}, "missing_lines": [], "excluded_lines": []}, "": {"executed_lines": [1, 3, 6, 7, 11, 15, 16, 25, 31, 37, 50, 63], "summary": {"covered_lines": 10, "num_statements": 10, "percent_covered": 100.0, "percent_covered_display": "100", "missing_lines": 0, "excluded_lines": 0}, "missing_lines": [], "excluded_lines": []}}, "classes": {"CatalogPackage": {"executed_lines": [12, 13, 23, 29, 35, 44, 45, 46, 47, 48, 57, 58, 59, 60, 61, 67, 68, 69, 70, 71, 72, 73], "summary": {"covered_lines": 22, "num_statements": 22, "percent_covered": 100.0, "percent_covered_display": "100", "missing_lines": 0, "excluded_lines": 0}, "missing_lines": [], "excluded_lines": []}, "": {"executed_lines": [1, 3, 6, 7, 11, 15, 16, 25, 31, 37, 50, 63], "summary": {"covered_lines": 10, "num_statements": 10, "percent_covered": 100.0, "percent_covered_display": "100", "missing_lines": 0, "excluded_lines": 0}, "missing_lines": [], "excluded_lines": []}}}, "operator-pipeline-images/operatorcert/entrypoints/__init__.py": {"executed_lines": [0], "summary": {"covered_lines": 0, "num_statements": 0, "percent_covered": 100.0, "percent_covered_display": "100", "missing_lines": 0, "excluded_lines": 0}, "missing_lines": [], "excluded_lines": [], "functions": {"": {"executed_lines": [], "summary": {"covered_lines": 0, "num_statements": 0, "percent_covered": 100.0, "percent_covered_display": "100", "missing_lines": 0, "excluded_lines": 0}, "missing_lines": [], "excluded_lines": []}}, "classes": {"": {"executed_lines": [], "summary": {"covered_lines": 0, "num_statements": 0, "percent_covered": 100.0, "percent_covered_display": "100", "missing_lines": 0, "excluded_lines": 0}, "missing_lines": [], "excluded_lines": []}}}, "operator-pipeline-images/operatorcert/entrypoints/add_bundle_to_fbc.py": {"executed_lines": [1, 5, 6, 7, 8, 9, 11, 12, 13, 14, 16, 19, 26, 28, 33, 36, 41, 47, 49, 52, 53, 57, 65, 66, 67, 68, 70, 71, 75, 82, 84, 85, 92, 93, 94, 95, 97, 101, 102, 103, 104, 106, 107, 114, 115, 122, 133, 134, 136, 138, 142, 152, 153, 154, 157, 163, 164, 165, 168, 169, 173, 174, 175, 177, 178, 191, 193, 194, 195, 196, 197, 198, 199, 201, 213, 214, 215, 216, 226, 231, 233, 238, 239, 249, 250, 251, 252, 259, 270, 271, 272, 273, 274, 275, 276, 277, 280, 281, 285, 286, 287, 289, 301, 302, 307, 308, 310, 321, 322, 323, 324, 325, 326, 327, 330, 341, 342, 343, 344, 345, 348, 361, 362, 367, 368, 369, 370, 371, 375, 379, 380, 381, 385, 387, 388, 389, 392, 396, 397, 400, 401, 402, 403, 405, 406, 408, 411], "summary": {"covered_lines": 142, "num_statements": 142, "percent_covered": 100.0, "percent_covered_display": "100", "missing_lines": 0, "excluded_lines": 2}, "missing_lines": [], "excluded_lines": [411, 412], "functions": {"setup_argparser": {"executed_lines": [26, 28, 33, 36, 41, 47, 49], "summary": {"covered_lines": 7, "num_statements": 7, "percent_covered": 100.0, "percent_covered_display": "100", "missing_lines": 0, "excluded_lines": 0}, "missing_lines": [], "excluded_lines": []}, "CatalogTemplate.__init__": {"executed_lines": [65, 66, 67, 68, 70, 71], "summary": {"covered_lines": 6, "num_statements": 6, "percent_covered": 100.0, "percent_covered_display": "100", "missing_lines": 0, "excluded_lines": 0}, "missing_lines": [], "excluded_lines": []}, "CatalogTemplate.exists": {"executed_lines": [82], "summary": {"covered_lines": 1, "num_statements": 1, "percent_covered": 100.0, "percent_covered_display": "100", "missing_lines": 0, "excluded_lines": 0}, "missing_lines": [], "excluded_lines": []}, "CatalogTemplate.template": {"executed_lines": [92, 93, 94, 95], "summary": {"covered_lines": 4, "num_statements": 4, "percent_covered": 100.0, "percent_covered_display": "100", "missing_lines": 0, "excluded_lines": 0}, "missing_lines": [], "excluded_lines": []}, "CatalogTemplate.save": {"executed_lines": [101, 102, 103, 104], "summary": {"covered_lines": 4, "num_statements": 4, "percent_covered": 100.0, "percent_covered_display": "100", "missing_lines": 0, "excluded_lines": 0}, "missing_lines": [], "excluded_lines": []}, "CatalogTemplate.create": {"executed_lines": [], "summary": {"covered_lines": 0, "num_statements": 0, "percent_covered": 100.0, "percent_covered_display": "100", "missing_lines": 0, "excluded_lines": 0}, "missing_lines": [], "excluded_lines": []}, "CatalogTemplate.amend": {"executed_lines": [], "summary": {"covered_lines": 0, "num_statements": 0, "percent_covered": 100.0, "percent_covered_display": "100", "missing_lines": 0, "excluded_lines": 0}, "missing_lines": [], "excluded_lines": []}, "CatalogTemplate.add_new_bundle": {"executed_lines": [133, 134, 136], "summary": {"covered_lines": 3, "num_statements": 3, "percent_covered": 100.0, "percent_covered_display": "100", "missing_lines": 0, "excluded_lines": 0}, "missing_lines": [], "excluded_lines": []}, "CatalogTemplate.render": {"executed_lines": [142, 152, 153, 154, 157, 163, 164, 165], "summary": {"covered_lines": 8, "num_statements": 8, "percent_covered": 100.0, "percent_covered_display": "100", "missing_lines": 0, "excluded_lines": 0}, "missing_lines": [], "excluded_lines": []}, "BasicTemplate.__init__": {"executed_lines": [174, 175], "summary": {"covered_lines": 2, "num_statements": 2, "percent_covered": 100.0, "percent_covered_display": "100", "missing_lines": 0, "excluded_lines": 0}, "missing_lines": [], "excluded_lines": []}, "BasicTemplate.create_basic_channel_entry": {"executed_lines": [191, 193, 194, 195, 196, 197, 198, 199], "summary": {"covered_lines": 8, "num_statements": 8, "percent_covered": 100.0, "percent_covered_display": "100", "missing_lines": 0, "excluded_lines": 0}, "missing_lines": [], "excluded_lines": []}, "BasicTemplate.create": {"executed_lines": [213, 214, 215, 216, 226, 231, 233], "summary": {"covered_lines": 7, "num_statements": 7, "percent_covered": 100.0, "percent_covered_display": "100", "missing_lines": 0, "excluded_lines": 0}, "missing_lines": [], "excluded_lines": []}, "BasicTemplate.add_bundle_if_not_present": {"executed_lines": [249, 250, 251, 252], "summary": {"covered_lines": 4, "num_statements": 4, "percent_covered": 100.0, "percent_covered_display": "100", "missing_lines": 0, "excluded_lines": 0}, "missing_lines": [], "excluded_lines": []}, "BasicTemplate.amend": {"executed_lines": [270, 271, 272, 273, 274, 275, 276, 277], "summary": {"covered_lines": 8, "num_statements": 8, "percent_covered": 100.0, "percent_covered_display": "100", "missing_lines": 0, "excluded_lines": 0}, "missing_lines": [], "excluded_lines": []}, "SemverTemplate.__init__": {"executed_lines": [286, 287], "summary": {"covered_lines": 2, "num_statements": 2, "percent_covered": 100.0, "percent_covered_display": "100", "missing_lines": 0, "excluded_lines": 0}, "missing_lines": [], "excluded_lines": []}, "SemverTemplate.create": {"executed_lines": [301, 302, 307, 308], "summary": {"covered_lines": 4, "num_statements": 4, "percent_covered": 100.0, "percent_covered_display": "100", "missing_lines": 0, "excluded_lines": 0}, "missing_lines": [], "excluded_lines": []}, "SemverTemplate.amend": {"executed_lines": [321, 322, 323, 324, 325, 326, 327], "summary": {"covered_lines": 7, "num_statements": 7, "percent_covered": 100.0, "percent_covered_display": "100", "missing_lines": 0, "excluded_lines": 0}, "missing_lines": [], "excluded_lines": []}, "get_catalog_mapping": {"executed_lines": [341, 342, 343, 344, 345], "summary": {"covered_lines": 5, "num_statements": 5, "percent_covered": 100.0, "percent_covered_display": "100", "missing_lines": 0, "excluded_lines": 0}, "missing_lines": [], "excluded_lines": []}, "release_bundle_to_fbc": {"executed_lines": [361, 362, 367, 368, 369, 370, 371, 375, 379, 380, 381, 385, 387, 388, 389], "summary": {"covered_lines": 15, "num_statements": 15, "percent_covered": 100.0, "percent_covered_display": "100", "missing_lines": 0, "excluded_lines": 0}, "missing_lines": [], "excluded_lines": []}, "main": {"executed_lines": [396, 397, 400, 401, 402, 403, 405, 406, 408], "summary": {"covered_lines": 9, "num_statements": 9, "percent_covered": 100.0, "percent_covered_display": "100", "missing_lines": 0, "excluded_lines": 0}, "missing_lines": [], "excluded_lines": []}, "": {"executed_lines": [1, 5, 6, 7, 8, 9, 11, 12, 13, 14, 16, 19, 52, 53, 57, 75, 84, 85, 97, 106, 107, 114, 115, 122, 138, 168, 169, 173, 177, 178, 201, 238, 239, 259, 280, 281, 285, 289, 310, 330, 348, 392, 411], "summary": {"covered_lines": 38, "num_statements": 38, "percent_covered": 100.0, "percent_covered_display": "100", "missing_lines": 0, "excluded_lines": 2}, "missing_lines": [], "excluded_lines": [411, 412]}}, "classes": {"CatalogTemplate": {"executed_lines": [65, 66, 67, 68, 70, 71, 82, 92, 93, 94, 95, 101, 102, 103, 104, 133, 134, 136, 142, 152, 153, 154, 157, 163, 164, 165], "summary": {"covered_lines": 26, "num_statements": 26, "percent_covered": 100.0, "percent_covered_display": "100", "missing_lines": 0, "excluded_lines": 0}, "missing_lines": [], "excluded_lines": []}, "BasicTemplate": {"executed_lines": [174, 175, 191, 193, 194, 195, 196, 197, 198, 199, 213, 214, 215, 216, 226, 231, 233, 249, 250, 251, 252, 270, 271, 272, 273, 274, 275, 276, 277], "summary": {"covered_lines": 29, "num_statements": 29, "percent_covered": 100.0, "percent_covered_display": "100", "missing_lines": 0, "excluded_lines": 0}, "missing_lines": [], "excluded_lines": []}, "SemverTemplate": {"executed_lines": [286, 287, 301, 302, 307, 308, 321, 322, 323, 324, 325, 326, 327], "summary": {"covered_lines": 13, "num_statements": 13, "percent_covered": 100.0, "percent_covered_display": "100", "missing_lines": 0, "excluded_lines": 0}, "missing_lines": [], "excluded_lines": []}, "": {"executed_lines": [1, 5, 6, 7, 8, 9, 11, 12, 13, 14, 16, 19, 26, 28, 33, 36, 41, 47, 49, 52, 53, 57, 75, 84, 85, 97, 106, 107, 114, 115, 122, 138, 168, 169, 173, 177, 178, 201, 238, 239, 259, 280, 281, 285, 289, 310, 330, 341, 342, 343, 344, 345, 348, 361, 362, 367, 368, 369, 370, 371, 375, 379, 380, 381, 385, 387, 388, 389, 392, 396, 397, 400, 401, 402, 403, 405, 406, 408, 411], "summary": {"covered_lines": 74, "num_statements": 74, "percent_covered": 100.0, "percent_covered_display": "100", "missing_lines": 0, "excluded_lines": 2}, "missing_lines": [], "excluded_lines": [411, 412]}}}, "operator-pipeline-images/operatorcert/entrypoints/add_fbc_fragments_to_index.py": {"executed_lines": [1, 5, 6, 7, 8, 9, 10, 12, 13, 14, 16, 19, 26, 27, 32, 39, 45, 51, 57, 64, 66, 69, 85, 87, 88, 89, 92, 93, 95, 96, 99, 100, 104, 106, 107, 108, 109, 110, 115, 117, 118, 119, 120, 122, 123, 125, 128, 149, 150, 155, 156, 157, 158, 160, 162, 163, 165, 168, 186, 187, 188, 192, 193, 195, 197, 200, 202, 204, 207, 217, 218, 220, 222, 224, 225, 226, 229, 233, 234, 236, 237, 239, 241, 248, 255], "summary": {"covered_lines": 83, "num_statements": 83, "percent_covered": 100.0, "percent_covered_display": "100", "missing_lines": 0, "excluded_lines": 2}, "missing_lines": [], "excluded_lines": [255, 256], "functions": {"setup_argparser": {"executed_lines": [26, 27, 32, 39, 45, 51, 57, 64, 66], "summary": {"covered_lines": 9, "num_statements": 9, "percent_covered": 100.0, "percent_covered_display": "100", "missing_lines": 0, "excluded_lines": 0}, "missing_lines": [], "excluded_lines": []}, "wait_for_results": {"executed_lines": [85, 87, 88, 89, 92, 93, 95, 96, 99, 100, 104, 106, 107, 108, 109, 110, 115, 117, 118, 119, 120, 122, 123, 125], "summary": {"covered_lines": 24, "num_statements": 24, "percent_covered": 100.0, "percent_covered_display": "100", "missing_lines": 0, "excluded_lines": 0}, "missing_lines": [], "excluded_lines": []}, "map_index_to_fragment": {"executed_lines": [149, 150, 155, 156, 157, 158, 160, 162, 163, 165], "summary": {"covered_lines": 10, "num_statements": 10, "percent_covered": 100.0, "percent_covered_display": "100", "missing_lines": 0, "excluded_lines": 0}, "missing_lines": [], "excluded_lines": []}, "add_fbc_fragment_to_index": {"executed_lines": [186, 187, 188, 192, 193, 195, 197, 200, 202, 204], "summary": {"covered_lines": 10, "num_statements": 10, "percent_covered": 100.0, "percent_covered_display": "100", "missing_lines": 0, "excluded_lines": 0}, "missing_lines": [], "excluded_lines": []}, "output_index_image_paths": {"executed_lines": [217, 218, 220, 222, 224, 225, 226], "summary": {"covered_lines": 7, "num_statements": 7, "percent_covered": 100.0, "percent_covered_display": "100", "missing_lines": 0, "excluded_lines": 0}, "missing_lines": [], "excluded_lines": []}, "main": {"executed_lines": [233, 234, 236, 237, 239, 241, 248], "summary": {"covered_lines": 7, "num_statements": 7, "percent_covered": 100.0, "percent_covered_display": "100", "missing_lines": 0, "excluded_lines": 0}, "missing_lines": [], "excluded_lines": []}, "": {"executed_lines": [1, 5, 6, 7, 8, 9, 10, 12, 13, 14, 16, 19, 69, 128, 168, 207, 229, 255], "summary": {"covered_lines": 16, "num_statements": 16, "percent_covered": 100.0, "percent_covered_display": "100", "missing_lines": 0, "excluded_lines": 2}, "missing_lines": [], "excluded_lines": [255, 256]}}, "classes": {"": {"executed_lines": [1, 5, 6, 7, 8, 9, 10, 12, 13, 14, 16, 19, 26, 27, 32, 39, 45, 51, 57, 64, 66, 69, 85, 87, 88, 89, 92, 93, 95, 96, 99, 100, 104, 106, 107, 108, 109, 110, 115, 117, 118, 119, 120, 122, 123, 125, 128, 149, 150, 155, 156, 157, 158, 160, 162, 163, 165, 168, 186, 187, 188, 192, 193, 195, 197, 200, 202, 204, 207, 217, 218, 220, 222, 224, 225, 226, 229, 233, 234, 236, 237, 239, 241, 248, 255], "summary": {"covered_lines": 83, "num_statements": 83, "percent_covered": 100.0, "percent_covered_display": "100", "missing_lines": 0, "excluded_lines": 2}, "missing_lines": [], "excluded_lines": [255, 256]}}}, "operator-pipeline-images/operatorcert/entrypoints/apply_test_waivers.py": {"executed_lines": [1, 3, 4, 5, 6, 7, 9, 10, 11, 12, 14, 17, 24, 27, 32, 38, 44, 50, 51, 54, 68, 69, 71, 72, 73, 74, 75, 80, 81, 84, 93, 94, 95, 96, 97, 98, 99, 100, 101, 102, 104, 107, 111, 112, 114, 115, 116, 117, 119, 120, 121, 124], "summary": {"covered_lines": 50, "num_statements": 50, "percent_covered": 100.0, "percent_covered_display": "100", "missing_lines": 0, "excluded_lines": 2}, "missing_lines": [], "excluded_lines": [124, 125], "functions": {"setup_argparser": {"executed_lines": [24, 27, 32, 38, 44, 50, 51], "summary": {"covered_lines": 7, "num_statements": 7, "percent_covered": 100.0, "percent_covered_display": "100", "missing_lines": 0, "excluded_lines": 0}, "missing_lines": [], "excluded_lines": []}, "can_ignore_test": {"executed_lines": [68, 69, 71, 72, 73, 74, 75, 80, 81], "summary": {"covered_lines": 9, "num_statements": 9, "percent_covered": 100.0, "percent_covered_display": "100", "missing_lines": 0, "excluded_lines": 0}, "missing_lines": [], "excluded_lines": []}, "configure_test_suite": {"executed_lines": [93, 94, 95, 96, 97, 98, 99, 100, 101, 102, 104], "summary": {"covered_lines": 11, "num_statements": 11, "percent_covered": 100.0, "percent_covered_display": "100", "missing_lines": 0, "excluded_lines": 0}, "missing_lines": [], "excluded_lines": []}, "main": {"executed_lines": [111, 112, 114, 115, 116, 117, 119, 120, 121], "summary": {"covered_lines": 9, "num_statements": 9, "percent_covered": 100.0, "percent_covered_display": "100", "missing_lines": 0, "excluded_lines": 0}, "missing_lines": [], "excluded_lines": []}, "": {"executed_lines": [1, 3, 4, 5, 6, 7, 9, 10, 11, 12, 14, 17, 54, 84, 107, 124], "summary": {"covered_lines": 14, "num_statements": 14, "percent_covered": 100.0, "percent_covered_display": "100", "missing_lines": 0, "excluded_lines": 2}, "missing_lines": [], "excluded_lines": [124, 125]}}, "classes": {"": {"executed_lines": [1, 3, 4, 5, 6, 7, 9, 10, 11, 12, 14, 17, 24, 27, 32, 38, 44, 50, 51, 54, 68, 69, 71, 72, 73, 74, 75, 80, 81, 84, 93, 94, 95, 96, 97, 98, 99, 100, 101, 102, 104, 107, 111, 112, 114, 115, 116, 117, 119, 120, 121, 124], "summary": {"covered_lines": 50, "num_statements": 50, "percent_covered": 100.0, "percent_covered_display": "100", "missing_lines": 0, "excluded_lines": 2}, "missing_lines": [], "excluded_lines": [124, 125]}}}, "operator-pipeline-images/operatorcert/entrypoints/build_fragment_images.py": {"executed_lines": [1, 3, 4, 5, 7, 8, 9, 11, 14, 21, 24, 29, 35, 40, 41, 46, 49, 51, 54, 69, 72, 73, 76, 81, 83, 86, 91, 92, 95, 96, 97, 98, 100, 103, 104, 105, 106, 108, 111, 112, 113, 116], "summary": {"covered_lines": 40, "num_statements": 40, "percent_covered": 100.0, "percent_covered_display": "100", "missing_lines": 0, "excluded_lines": 2}, "missing_lines": [], "excluded_lines": [116, 117], "functions": {"setup_argparser": {"executed_lines": [21, 24, 29, 35, 40, 41, 46, 49, 51], "summary": {"covered_lines": 9, "num_statements": 9, "percent_covered": 100.0, "percent_covered_display": "100", "missing_lines": 0, "excluded_lines": 0}, "missing_lines": [], "excluded_lines": []}, "create_fragment_image": {"executed_lines": [69, 72, 73, 76, 81, 83], "summary": {"covered_lines": 6, "num_statements": 6, "percent_covered": 100.0, "percent_covered_display": "100", "missing_lines": 0, "excluded_lines": 0}, "missing_lines": [], "excluded_lines": []}, "main": {"executed_lines": [91, 92, 95, 96, 97, 98, 100, 103, 104, 105, 106, 108, 111, 112, 113], "summary": {"covered_lines": 15, "num_statements": 15, "percent_covered": 100.0, "percent_covered_display": "100", "missing_lines": 0, "excluded_lines": 0}, "missing_lines": [], "excluded_lines": []}, "": {"executed_lines": [1, 3, 4, 5, 7, 8, 9, 11, 14, 54, 86, 116], "summary": {"covered_lines": 10, "num_statements": 10, "percent_covered": 100.0, "percent_covered_display": "100", "missing_lines": 0, "excluded_lines": 2}, "missing_lines": [], "excluded_lines": [116, 117]}}, "classes": {"": {"executed_lines": [1, 3, 4, 5, 7, 8, 9, 11, 14, 21, 24, 29, 35, 40, 41, 46, 49, 51, 54, 69, 72, 73, 76, 81, 83, 86, 91, 92, 95, 96, 97, 98, 100, 103, 104, 105, 106, 108, 111, 112, 113, 116], "summary": {"covered_lines": 40, "num_statements": 40, "percent_covered": 100.0, "percent_covered_display": "100", "missing_lines": 0, "excluded_lines": 2}, "missing_lines": [], "excluded_lines": [116, 117]}}}, "operator-pipeline-images/operatorcert/entrypoints/build_scratch_catalog.py": {"executed_lines": [1, 3, 4, 5, 6, 7, 9, 10, 11, 12, 14, 17, 24, 27, 32, 33, 36, 39, 45, 51, 53, 56, 79, 84, 91, 92, 97, 98, 105, 108, 128, 129, 130, 132, 133, 134, 136, 145, 146, 148, 151, 152, 155, 160, 161, 164, 165, 166, 167, 169, 170, 172, 180], "summary": {"covered_lines": 51, "num_statements": 51, "percent_covered": 100.0, "percent_covered_display": "100", "missing_lines": 0, "excluded_lines": 2}, "missing_lines": [], "excluded_lines": [180, 181], "functions": {"setup_argparser": {"executed_lines": [24, 27, 32, 33, 36, 39, 45, 51, 53], "summary": {"covered_lines": 9, "num_statements": 9, "percent_covered": 100.0, "percent_covered_display": "100", "missing_lines": 0, "excluded_lines": 0}, "missing_lines": [], "excluded_lines": []}, "generate_and_save_basic_template": {"executed_lines": [79, 84, 91, 92, 97, 98, 105], "summary": {"covered_lines": 7, "num_statements": 7, "percent_covered": 100.0, "percent_covered_display": "100", "missing_lines": 0, "excluded_lines": 0}, "missing_lines": [], "excluded_lines": []}, "build_and_push_catalog_image": {"executed_lines": [128, 129, 130, 132, 133, 134, 136, 145, 146, 148, 151, 152], "summary": {"covered_lines": 12, "num_statements": 12, "percent_covered": 100.0, "percent_covered_display": "100", "missing_lines": 0, "excluded_lines": 0}, "missing_lines": [], "excluded_lines": []}, "main": {"executed_lines": [160, 161, 164, 165, 166, 167, 169, 170, 172], "summary": {"covered_lines": 9, "num_statements": 9, "percent_covered": 100.0, "percent_covered_display": "100", "missing_lines": 0, "excluded_lines": 0}, "missing_lines": [], "excluded_lines": []}, "": {"executed_lines": [1, 3, 4, 5, 6, 7, 9, 10, 11, 12, 14, 17, 56, 108, 155, 180], "summary": {"covered_lines": 14, "num_statements": 14, "percent_covered": 100.0, "percent_covered_display": "100", "missing_lines": 0, "excluded_lines": 2}, "missing_lines": [], "excluded_lines": [180, 181]}}, "classes": {"": {"executed_lines": [1, 3, 4, 5, 6, 7, 9, 10, 11, 12, 14, 17, 24, 27, 32, 33, 36, 39, 45, 51, 53, 56, 79, 84, 91, 92, 97, 98, 105, 108, 128, 129, 130, 132, 133, 134, 136, 145, 146, 148, 151, 152, 155, 160, 161, 164, 165, 166, 167, 169, 170, 172, 180], "summary": {"covered_lines": 51, "num_statements": 51, "percent_covered": 100.0, "percent_covered_display": "100", "missing_lines": 0, "excluded_lines": 2}, "missing_lines": [], "excluded_lines": [180, 181]}}}, "operator-pipeline-images/operatorcert/entrypoints/bulk_retrigger.py": {"executed_lines": [2, 13, 14, 15, 16, 17, 18, 19, 20, 22, 23, 24, 27, 30, 31, 34, 35, 38, 39, 42, 63, 64, 65, 66, 67, 68, 69, 77, 78, 79, 80, 81, 84, 103, 104, 105, 106, 107, 108, 115, 116, 117, 118, 119, 120, 123, 138, 139, 140, 141, 142, 143, 144, 145, 147, 148, 149, 152, 172, 173, 174, 175, 176, 177, 178, 179, 180, 181, 182, 185, 210, 211, 212, 213, 214, 215, 216, 217, 218, 219, 220, 222, 223, 225, 226, 229, 235, 236, 237, 238, 239, 242, 266, 267, 268, 269, 270, 271, 272, 273, 274, 277, 278, 279, 280, 281, 282, 283, 289, 292, 303, 309, 320, 328, 336, 343, 349, 356, 359, 367, 370, 373, 391], "summary": {"covered_lines": 117, "num_statements": 117, "percent_covered": 100.0, "percent_covered_display": "100", "missing_lines": 0, "excluded_lines": 18}, "missing_lines": [], "excluded_lines": [373, 374, 375, 376, 377, 378, 379, 380, 381, 382, 383, 384, 385, 386, 387, 388, 391, 392], "functions": {"wait_for_all_labels": {"executed_lines": [63, 64, 65, 66, 67, 68, 69, 77, 78, 79, 80, 81], "summary": {"covered_lines": 12, "num_statements": 12, "percent_covered": 100.0, "percent_covered_display": "100", "missing_lines": 0, "excluded_lines": 0}, "missing_lines": [], "excluded_lines": []}, "wait_for_any_label": {"executed_lines": [103, 104, 105, 106, 107, 108, 115, 116, 117, 118, 119, 120], "summary": {"covered_lines": 12, "num_statements": 12, "percent_covered": 100.0, "percent_covered_display": "100", "missing_lines": 0, "excluded_lines": 0}, "missing_lines": [], "excluded_lines": []}, "parse_repo_name": {"executed_lines": [138, 139, 140, 141, 142, 143, 144, 145, 147, 148, 149], "summary": {"covered_lines": 11, "num_statements": 11, "percent_covered": 100.0, "percent_covered_display": "100", "missing_lines": 0, "excluded_lines": 0}, "missing_lines": [], "excluded_lines": []}, "pr_numbers_from_csv": {"executed_lines": [172, 173, 174, 175, 176, 177, 178, 179, 180, 181, 182], "summary": {"covered_lines": 11, "num_statements": 11, "percent_covered": 100.0, "percent_covered_display": "100", "missing_lines": 0, "excluded_lines": 0}, "missing_lines": [], "excluded_lines": []}, "retrigger_pipeline_for_pr": {"executed_lines": [210, 211, 212, 213, 214, 215, 216, 217, 218, 219, 220, 222, 223, 225, 226, 229, 235, 236, 237, 238, 239], "summary": {"covered_lines": 21, "num_statements": 21, "percent_covered": 100.0, "percent_covered_display": "100", "missing_lines": 0, "excluded_lines": 0}, "missing_lines": [], "excluded_lines": []}, "bulk_retrigger": {"executed_lines": [266, 267, 268, 269, 270, 271, 272, 273, 274, 277, 278, 279, 280, 281, 282, 283, 289], "summary": {"covered_lines": 17, "num_statements": 17, "percent_covered": 100.0, "percent_covered_display": "100", "missing_lines": 0, "excluded_lines": 0}, "missing_lines": [], "excluded_lines": []}, "setup_logging": {"executed_lines": [303], "summary": {"covered_lines": 1, "num_statements": 1, "percent_covered": 100.0, "percent_covered_display": "100", "missing_lines": 0, "excluded_lines": 0}, "missing_lines": [], "excluded_lines": []}, "parse_args": {"executed_lines": [320, 328, 336, 343, 349, 356, 359, 367, 370], "summary": {"covered_lines": 9, "num_statements": 9, "percent_covered": 100.0, "percent_covered_display": "100", "missing_lines": 0, "excluded_lines": 0}, "missing_lines": [], "excluded_lines": []}, "main": {"executed_lines": [], "summary": {"covered_lines": 0, "num_statements": 0, "percent_covered": 100.0, "percent_covered_display": "100", "missing_lines": 0, "excluded_lines": 15}, "missing_lines": [], "excluded_lines": [374, 375, 376, 377, 378, 379, 380, 381, 382, 383, 384, 385, 386, 387, 388]}, "": {"executed_lines": [2, 13, 14, 15, 16, 17, 18, 19, 20, 22, 23, 24, 27, 30, 31, 34, 35, 38, 39, 42, 84, 123, 152, 185, 242, 292, 309, 373, 391], "summary": {"covered_lines": 23, "num_statements": 23, "percent_covered": 100.0, "percent_covered_display": "100", "missing_lines": 0, "excluded_lines": 3}, "missing_lines": [], "excluded_lines": [373, 391, 392]}}, "classes": {"CSVNotFound": {"executed_lines": [], "summary": {"covered_lines": 0, "num_statements": 0, "percent_covered": 100.0, "percent_covered_display": "100", "missing_lines": 0, "excluded_lines": 0}, "missing_lines": [], "excluded_lines": []}, "MissingToken": {"executed_lines": [], "summary": {"covered_lines": 0, "num_statements": 0, "percent_covered": 100.0, "percent_covered_display": "100", "missing_lines": 0, "excluded_lines": 0}, "missing_lines": [], "excluded_lines": []}, "InvalidRepoName": {"executed_lines": [], "summary": {"covered_lines": 0, "num_statements": 0, "percent_covered": 100.0, "percent_covered_display": "100", "missing_lines": 0, "excluded_lines": 0}, "missing_lines": [], "excluded_lines": []}, "": {"executed_lines": [2, 13, 14, 15, 16, 17, 18, 19, 20, 22, 23, 24, 27, 30, 31, 34, 35, 38, 39, 42, 63, 64, 65, 66, 67, 68, 69, 77, 78, 79, 80, 81, 84, 103, 104, 105, 106, 107, 108, 115, 116, 117, 118, 119, 120, 123, 138, 139, 140, 141, 142, 143, 144, 145, 147, 148, 149, 152, 172, 173, 174, 175, 176, 177, 178, 179, 180, 181, 182, 185, 210, 211, 212, 213, 214, 215, 216, 217, 218, 219, 220, 222, 223, 225, 226, 229, 235, 236, 237, 238, 239, 242, 266, 267, 268, 269, 270, 271, 272, 273, 274, 277, 278, 279, 280, 281, 282, 283, 289, 292, 303, 309, 320, 328, 336, 343, 349, 356, 359, 367, 370, 373, 391], "summary": {"covered_lines": 117, "num_statements": 117, "percent_covered": 100.0, "percent_covered_display": "100", "missing_lines": 0, "excluded_lines": 18}, "missing_lines": [], "excluded_lines": [373, 374, 375, 376, 377, 378, 379, 380, 381, 382, 383, 384, 385, 386, 387, 388, 391, 392]}}}, "operator-pipeline-images/operatorcert/entrypoints/bundle_dockerfile.py": {"executed_lines": [1, 3, 4, 5, 6, 8, 9, 10, 12, 15, 16, 21, 40, 52, 53, 55, 56, 58, 59, 61, 63, 64, 66, 67, 69, 71, 74, 92], "summary": {"covered_lines": 23, "num_statements": 23, "percent_covered": 100.0, "percent_covered_display": "100", "missing_lines": 0, "excluded_lines": 35}, "missing_lines": [], "excluded_lines": [21, 22, 23, 24, 25, 26, 27, 28, 29, 30, 31, 32, 33, 34, 35, 36, 37, 74, 75, 76, 77, 78, 79, 80, 81, 82, 83, 84, 85, 86, 87, 88, 89, 92, 93], "functions": {"setup_argparser": {"executed_lines": [], "summary": {"covered_lines": 0, "num_statements": 0, "percent_covered": 100.0, "percent_covered_display": "100", "missing_lines": 0, "excluded_lines": 16}, "missing_lines": [], "excluded_lines": [22, 23, 24, 25, 26, 27, 28, 29, 30, 31, 32, 33, 34, 35, 36, 37]}, "generate_dockerfile_content": {"executed_lines": [52, 53, 55, 56, 58, 59, 61, 63, 64, 66, 67, 69, 71], "summary": {"covered_lines": 13, "num_statements": 13, "percent_covered": 100.0, "percent_covered_display": "100", "missing_lines": 0, "excluded_lines": 0}, "missing_lines": [], "excluded_lines": []}, "main": {"executed_lines": [], "summary": {"covered_lines": 0, "num_statements": 0, "percent_covered": 100.0, "percent_covered_display": "100", "missing_lines": 0, "excluded_lines": 15}, "missing_lines": [], "excluded_lines": [75, 76, 77, 78, 79, 80, 81, 82, 83, 84, 85, 86, 87, 88, 89]}, "": {"executed_lines": [1, 3, 4, 5, 6, 8, 9, 10, 12, 15, 16, 21, 40, 74, 92], "summary": {"covered_lines": 10, "num_statements": 10, "percent_covered": 100.0, "percent_covered_display": "100", "missing_lines": 0, "excluded_lines": 4}, "missing_lines": [], "excluded_lines": [21, 74, 92, 93]}}, "classes": {"AnnotationFileNotFound": {"executed_lines": [], "summary": {"covered_lines": 0, "num_statements": 0, "percent_covered": 100.0, "percent_covered_display": "100", "missing_lines": 0, "excluded_lines": 0}, "missing_lines": [], "excluded_lines": []}, "": {"executed_lines": [1, 3, 4, 5, 6, 8, 9, 10, 12, 15, 16, 21, 40, 52, 53, 55, 56, 58, 59, 61, 63, 64, 66, 67, 69, 71, 74, 92], "summary": {"covered_lines": 23, "num_statements": 23, "percent_covered": 100.0, "percent_covered_display": "100", "missing_lines": 0, "excluded_lines": 35}, "missing_lines": [], "excluded_lines": [21, 22, 23, 24, 25, 26, 27, 28, 29, 30, 31, 32, 33, 34, 35, 36, 37, 74, 75, 76, 77, 78, 79, 80, 81, 82, 83, 84, 85, 86, 87, 88, 89, 92, 93]}}}, "operator-pipeline-images/operatorcert/entrypoints/check_permissions.py": {"executed_lines": [1, 3, 4, 5, 6, 7, 8, 10, 11, 12, 13, 14, 15, 17, 20, 21, 24, 25, 28, 35, 36, 41, 46, 50, 55, 56, 57, 60, 62, 65, 66, 70, 79, 80, 81, 82, 83, 84, 86, 87, 94, 96, 97, 104, 106, 107, 115, 117, 118, 120, 128, 130, 131, 138, 140, 141, 149, 153, 155, 156, 163, 165, 166, 173, 175, 176, 183, 187, 188, 195, 196, 197, 198, 203, 210, 211, 213, 214, 215, 216, 218, 225, 228, 229, 230, 231, 232, 233, 234, 236, 237, 238, 243, 244, 249, 251, 265, 266, 267, 271, 272, 273, 274, 279, 284, 286, 300, 303, 308, 309, 314, 316, 317, 318, 319, 321, 326, 327, 329, 334, 338, 349, 353, 354, 363, 368, 381, 382, 383, 385, 386, 387, 390, 407, 409, 410, 413, 414, 415, 420, 430, 431, 432, 435, 436, 440, 441, 442, 450, 451, 452, 453, 454, 458, 459, 461, 464, 469, 470, 473, 474, 475, 476, 478, 479, 481, 483, 484, 487, 490, 491, 492, 495], "summary": {"covered_lines": 168, "num_statements": 168, "percent_covered": 100.0, "percent_covered_display": "100", "missing_lines": 0, "excluded_lines": 3}, "missing_lines": [], "excluded_lines": [116, 495, 496], "functions": {"setup_argparser": {"executed_lines": [35, 36, 41, 46, 50, 55, 56, 57, 60, 62], "summary": {"covered_lines": 10, "num_statements": 10, "percent_covered": 100.0, "percent_covered_display": "100", "missing_lines": 0, "excluded_lines": 0}, "missing_lines": [], "excluded_lines": []}, "OperatorReview.__init__": {"executed_lines": [79, 80, 81, 82, 83, 84], "summary": {"covered_lines": 6, "num_statements": 6, "percent_covered": 100.0, "percent_covered_display": "100", "missing_lines": 0, "excluded_lines": 0}, "missing_lines": [], "excluded_lines": []}, "OperatorReview.base_repo_config": {"executed_lines": [94], "summary": {"covered_lines": 1, "num_statements": 1, "percent_covered": 100.0, "percent_covered_display": "100", "missing_lines": 0, "excluded_lines": 0}, "missing_lines": [], "excluded_lines": []}, "OperatorReview.head_repo_operator_config": {"executed_lines": [104], "summary": {"covered_lines": 1, "num_statements": 1, "percent_covered": 100.0, "percent_covered_display": "100", "missing_lines": 0, "excluded_lines": 0}, "missing_lines": [], "excluded_lines": []}, "OperatorReview.base_repo_operator_config": {"executed_lines": [115, 117, 118], "summary": {"covered_lines": 3, "num_statements": 3, "percent_covered": 100.0, "percent_covered_display": "100", "missing_lines": 0, "excluded_lines": 1}, "missing_lines": [], "excluded_lines": [116]}, "OperatorReview.is_partner": {"executed_lines": [128], "summary": {"covered_lines": 1, "num_statements": 1, "percent_covered": 100.0, "percent_covered_display": "100", "missing_lines": 0, "excluded_lines": 0}, "missing_lines": [], "excluded_lines": []}, "OperatorReview.cert_project_id": {"executed_lines": [138], "summary": {"covered_lines": 1, "num_statements": 1, "percent_covered": 100.0, "percent_covered_display": "100", "missing_lines": 0, "excluded_lines": 0}, "missing_lines": [], "excluded_lines": []}, "OperatorReview.reviewers": {"executed_lines": [149, 153], "summary": {"covered_lines": 2, "num_statements": 2, "percent_covered": 100.0, "percent_covered_display": "100", "missing_lines": 0, "excluded_lines": 0}, "missing_lines": [], "excluded_lines": []}, "OperatorReview.maintainers": {"executed_lines": [163], "summary": {"covered_lines": 1, "num_statements": 1, "percent_covered": 100.0, "percent_covered_display": "100", "missing_lines": 0, "excluded_lines": 0}, "missing_lines": [], "excluded_lines": []}, "OperatorReview.github_repo_org": {"executed_lines": [173], "summary": {"covered_lines": 1, "num_statements": 1, "percent_covered": 100.0, "percent_covered_display": "100", "missing_lines": 0, "excluded_lines": 0}, "missing_lines": [], "excluded_lines": []}, "OperatorReview.github_repo_name": {"executed_lines": [183], "summary": {"covered_lines": 1, "num_statements": 1, "percent_covered": 100.0, "percent_covered_display": "100", "missing_lines": 0, "excluded_lines": 0}, "missing_lines": [], "excluded_lines": []}, "OperatorReview.pr_labels": {"executed_lines": [195, 196, 197, 198], "summary": {"covered_lines": 4, "num_statements": 4, "percent_covered": 100.0, "percent_covered_display": "100", "missing_lines": 0, "excluded_lines": 0}, "missing_lines": [], "excluded_lines": []}, "OperatorReview.check_permissions": {"executed_lines": [210, 211, 213, 214, 215, 216], "summary": {"covered_lines": 6, "num_statements": 6, "percent_covered": 100.0, "percent_covered_display": "100", "missing_lines": 0, "excluded_lines": 0}, "missing_lines": [], "excluded_lines": []}, "OperatorReview.is_org_member": {"executed_lines": [225, 228, 229, 230, 231, 232, 233, 234, 236, 237, 238, 243, 244, 249], "summary": {"covered_lines": 14, "num_statements": 14, "percent_covered": 100.0, "percent_covered_display": "100", "missing_lines": 0, "excluded_lines": 0}, "missing_lines": [], "excluded_lines": []}, "OperatorReview.check_permission_for_partner": {"executed_lines": [265, 266, 267, 271, 272, 273, 274, 279, 284], "summary": {"covered_lines": 9, "num_statements": 9, "percent_covered": 100.0, "percent_covered_display": "100", "missing_lines": 0, "excluded_lines": 0}, "missing_lines": [], "excluded_lines": []}, "OperatorReview.check_permission_for_community": {"executed_lines": [300, 303, 308, 309, 314, 316, 317, 318, 319, 321, 326, 327], "summary": {"covered_lines": 12, "num_statements": 12, "percent_covered": 100.0, "percent_covered_display": "100", "missing_lines": 0, "excluded_lines": 0}, "missing_lines": [], "excluded_lines": []}, "OperatorReview.request_review_from_maintainers": {"executed_lines": [334, 338], "summary": {"covered_lines": 2, "num_statements": 2, "percent_covered": 100.0, "percent_covered_display": "100", "missing_lines": 0, "excluded_lines": 0}, "missing_lines": [], "excluded_lines": []}, "OperatorReview.request_review_from_owners": {"executed_lines": [353, 354, 363], "summary": {"covered_lines": 3, "num_statements": 3, "percent_covered": 100.0, "percent_covered_display": "100", "missing_lines": 0, "excluded_lines": 0}, "missing_lines": [], "excluded_lines": []}, "extract_operators_from_catalog": {"executed_lines": [381, 382, 383, 385, 386, 387], "summary": {"covered_lines": 6, "num_statements": 6, "percent_covered": 100.0, "percent_covered_display": "100", "missing_lines": 0, "excluded_lines": 0}, "missing_lines": [], "excluded_lines": []}, "check_permissions": {"executed_lines": [407, 409, 410, 413, 414, 415, 420, 430, 431, 432, 435, 436, 440, 441, 442, 450, 451, 452, 453, 454, 458, 459, 461], "summary": {"covered_lines": 23, "num_statements": 23, "percent_covered": 100.0, "percent_covered_display": "100", "missing_lines": 0, "excluded_lines": 0}, "missing_lines": [], "excluded_lines": []}, "main": {"executed_lines": [469, 470, 473, 474, 475, 476, 478, 479, 481, 483, 484, 487, 490, 491, 492], "summary": {"covered_lines": 15, "num_statements": 15, "percent_covered": 100.0, "percent_covered_display": "100", "missing_lines": 0, "excluded_lines": 0}, "missing_lines": [], "excluded_lines": []}, "": {"executed_lines": [1, 3, 4, 5, 6, 7, 8, 10, 11, 12, 13, 14, 15, 17, 20, 21, 24, 25, 28, 65, 66, 70, 86, 87, 96, 97, 106, 107, 120, 130, 131, 140, 141, 155, 156, 165, 166, 175, 176, 187, 188, 203, 218, 251, 286, 329, 349, 368, 390, 464, 495], "summary": {"covered_lines": 46, "num_statements": 46, "percent_covered": 100.0, "percent_covered_display": "100", "missing_lines": 0, "excluded_lines": 2}, "missing_lines": [], "excluded_lines": [495, 496]}}, "classes": {"NoPermissionError": {"executed_lines": [], "summary": {"covered_lines": 0, "num_statements": 0, "percent_covered": 100.0, "percent_covered_display": "100", "missing_lines": 0, "excluded_lines": 0}, "missing_lines": [], "excluded_lines": []}, "MaintainersReviewNeeded": {"executed_lines": [], "summary": {"covered_lines": 0, "num_statements": 0, "percent_covered": 100.0, "percent_covered_display": "100", "missing_lines": 0, "excluded_lines": 0}, "missing_lines": [], "excluded_lines": []}, "OperatorReview": {"executed_lines": [79, 80, 81, 82, 83, 84, 94, 104, 115, 117, 118, 128, 138, 149, 153, 163, 173, 183, 195, 196, 197, 198, 210, 211, 213, 214, 215, 216, 225, 228, 229, 230, 231, 232, 233, 234, 236, 237, 238, 243, 244, 249, 265, 266, 267, 271, 272, 273, 274, 279, 284, 300, 303, 308, 309, 314, 316, 317, 318, 319, 321, 326, 327, 334, 338, 353, 354, 363], "summary": {"covered_lines": 68, "num_statements": 68, "percent_covered": 100.0, "percent_covered_display": "100", "missing_lines": 0, "excluded_lines": 1}, "missing_lines": [], "excluded_lines": [116]}, "": {"executed_lines": [1, 3, 4, 5, 6, 7, 8, 10, 11, 12, 13, 14, 15, 17, 20, 21, 24, 25, 28, 35, 36, 41, 46, 50, 55, 56, 57, 60, 62, 65, 66, 70, 86, 87, 96, 97, 106, 107, 120, 130, 131, 140, 141, 155, 156, 165, 166, 175, 176, 187, 188, 203, 218, 251, 286, 329, 349, 368, 381, 382, 383, 385, 386, 387, 390, 407, 409, 410, 413, 414, 415, 420, 430, 431, 432, 435, 436, 440, 441, 442, 450, 451, 452, 453, 454, 458, 459, 461, 464, 469, 470, 473, 474, 475, 476, 478, 479, 481, 483, 484, 487, 490, 491, 492, 495], "summary": {"covered_lines": 100, "num_statements": 100, "percent_covered": 100.0, "percent_covered_display": "100", "missing_lines": 0, "excluded_lines": 2}, "missing_lines": [], "excluded_lines": [495, 496]}}}, "operator-pipeline-images/operatorcert/entrypoints/create_container_image.py": {"executed_lines": [1, 3, 4, 5, 6, 7, 8, 10, 11, 13, 16, 68, 79, 85, 88, 89, 91, 93, 94, 97, 99, 103, 106, 116, 123, 126, 136, 137, 138, 139, 142, 153, 155, 156, 158, 159, 187, 190, 213], "summary": {"covered_lines": 35, "num_statements": 35, "percent_covered": 100.0, "percent_covered_display": "100", "missing_lines": 0, "excluded_lines": 73}, "missing_lines": [], "excluded_lines": [16, 17, 18, 19, 20, 21, 22, 23, 24, 25, 26, 27, 28, 29, 30, 31, 32, 33, 34, 35, 36, 37, 38, 39, 40, 41, 42, 43, 44, 45, 46, 47, 48, 49, 50, 51, 52, 53, 54, 55, 56, 57, 58, 59, 60, 61, 62, 63, 64, 65, 190, 191, 192, 193, 194, 195, 196, 197, 198, 199, 200, 201, 202, 203, 204, 205, 206, 207, 208, 209, 210, 213, 214], "functions": {"setup_argparser": {"executed_lines": [], "summary": {"covered_lines": 0, "num_statements": 0, "percent_covered": 100.0, "percent_covered_display": "100", "missing_lines": 0, "excluded_lines": 49}, "missing_lines": [], "excluded_lines": [17, 18, 19, 20, 21, 22, 23, 24, 25, 26, 27, 28, 29, 30, 31, 32, 33, 34, 35, 36, 37, 38, 39, 40, 41, 42, 43, 44, 45, 46, 47, 48, 49, 50, 51, 52, 53, 54, 55, 56, 57, 58, 59, 60, 61, 62, 63, 64, 65]}, "check_if_image_already_exists": {"executed_lines": [79, 85, 88, 89, 91, 93, 94, 97, 99, 103], "summary": {"covered_lines": 10, "num_statements": 10, "percent_covered": 100.0, "percent_covered_display": "100", "missing_lines": 0, "excluded_lines": 0}, "missing_lines": [], "excluded_lines": []}, "prepare_parsed_data": {"executed_lines": [116, 123], "summary": {"covered_lines": 2, "num_statements": 2, "percent_covered": 100.0, "percent_covered_display": "100", "missing_lines": 0, "excluded_lines": 0}, "missing_lines": [], "excluded_lines": []}, "get_image_size": {"executed_lines": [136, 137, 138, 139], "summary": {"covered_lines": 4, "num_statements": 4, "percent_covered": 100.0, "percent_covered_display": "100", "missing_lines": 0, "excluded_lines": 0}, "missing_lines": [], "excluded_lines": []}, "create_container_image": {"executed_lines": [153, 155, 156, 158, 159, 187], "summary": {"covered_lines": 6, "num_statements": 6, "percent_covered": 100.0, "percent_covered_display": "100", "missing_lines": 0, "excluded_lines": 0}, "missing_lines": [], "excluded_lines": []}, "main": {"executed_lines": [], "summary": {"covered_lines": 0, "num_statements": 0, "percent_covered": 100.0, "percent_covered_display": "100", "missing_lines": 0, "excluded_lines": 20}, "missing_lines": [], "excluded_lines": [191, 192, 193, 194, 195, 196, 197, 198, 199, 200, 201, 202, 203, 204, 205, 206, 207, 208, 209, 210]}, "": {"executed_lines": [1, 3, 4, 5, 6, 7, 8, 10, 11, 13, 16, 68, 106, 126, 142, 190, 213], "summary": {"covered_lines": 13, "num_statements": 13, "percent_covered": 100.0, "percent_covered_display": "100", "missing_lines": 0, "excluded_lines": 4}, "missing_lines": [], "excluded_lines": [16, 190, 213, 214]}}, "classes": {"": {"executed_lines": [1, 3, 4, 5, 6, 7, 8, 10, 11, 13, 16, 68, 79, 85, 88, 89, 91, 93, 94, 97, 99, 103, 106, 116, 123, 126, 136, 137, 138, 139, 142, 153, 155, 156, 158, 159, 187, 190, 213], "summary": {"covered_lines": 35, "num_statements": 35, "percent_covered": 100.0, "percent_covered_display": "100", "missing_lines": 0, "excluded_lines": 73}, "missing_lines": [], "excluded_lines": [16, 17, 18, 19, 20, 21, 22, 23, 24, 25, 26, 27, 28, 29, 30, 31, 32, 33, 34, 35, 36, 37, 38, 39, 40, 41, 42, 43, 44, 45, 46, 47, 48, 49, 50, 51, 52, 53, 54, 55, 56, 57, 58, 59, 60, 61, 62, 63, 64, 65, 190, 191, 192, 193, 194, 195, 196, 197, 198, 199, 200, 201, 202, 203, 204, 205, 206, 207, 208, 209, 210, 213, 214]}}}, "operator-pipeline-images/operatorcert/entrypoints/create_github_gist.py": {"executed_lines": [1, 5, 6, 7, 8, 9, 10, 11, 13, 14, 16, 19, 26, 28, 34, 39, 43, 48, 49, 52, 54, 55, 56, 57, 58, 61, 73, 75, 77, 78, 79, 80, 83, 84, 88, 90, 91, 95, 96, 99, 118, 119, 121, 123, 126, 131, 132, 133, 134, 136, 137, 138, 140, 144, 145, 146, 147, 149, 150, 151, 154], "summary": {"covered_lines": 59, "num_statements": 59, "percent_covered": 100.0, "percent_covered_display": "100", "missing_lines": 0, "excluded_lines": 2}, "missing_lines": [], "excluded_lines": [154, 155], "functions": {"setup_argparser": {"executed_lines": [26, 28, 34, 39, 43, 48, 49], "summary": {"covered_lines": 7, "num_statements": 7, "percent_covered": 100.0, "percent_covered_display": "100", "missing_lines": 0, "excluded_lines": 0}, "missing_lines": [], "excluded_lines": []}, "files_in_dir": {"executed_lines": [54, 55, 56, 57, 58], "summary": {"covered_lines": 5, "num_statements": 5, "percent_covered": 100.0, "percent_covered_display": "100", "missing_lines": 0, "excluded_lines": 0}, "missing_lines": [], "excluded_lines": []}, "create_github_gist": {"executed_lines": [73, 75, 77, 78, 79, 80, 83, 84, 88, 90, 91, 95, 96], "summary": {"covered_lines": 13, "num_statements": 13, "percent_covered": 100.0, "percent_covered_display": "100", "missing_lines": 0, "excluded_lines": 0}, "missing_lines": [], "excluded_lines": []}, "share_github_gist": {"executed_lines": [118, 119, 121, 123], "summary": {"covered_lines": 4, "num_statements": 4, "percent_covered": 100.0, "percent_covered_display": "100", "missing_lines": 0, "excluded_lines": 0}, "missing_lines": [], "excluded_lines": []}, "main": {"executed_lines": [131, 132, 133, 134, 136, 137, 138, 140, 144, 145, 146, 147, 149, 150, 151], "summary": {"covered_lines": 15, "num_statements": 15, "percent_covered": 100.0, "percent_covered_display": "100", "missing_lines": 0, "excluded_lines": 0}, "missing_lines": [], "excluded_lines": []}, "": {"executed_lines": [1, 5, 6, 7, 8, 9, 10, 11, 13, 14, 16, 19, 52, 61, 99, 126, 154], "summary": {"covered_lines": 15, "num_statements": 15, "percent_covered": 100.0, "percent_covered_display": "100", "missing_lines": 0, "excluded_lines": 2}, "missing_lines": [], "excluded_lines": [154, 155]}}, "classes": {"": {"executed_lines": [1, 5, 6, 7, 8, 9, 10, 11, 13, 14, 16, 19, 26, 28, 34, 39, 43, 48, 49, 52, 54, 55, 56, 57, 58, 61, 73, 75, 77, 78, 79, 80, 83, 84, 88, 90, 91, 95, 96, 99, 118, 119, 121, 123, 126, 131, 132, 133, 134, 136, 137, 138, 140, 144, 145, 146, 147, 149, 150, 151, 154], "summary": {"covered_lines": 59, "num_statements": 59, "percent_covered": 100.0, "percent_covered_display": "100", "missing_lines": 0, "excluded_lines": 2}, "missing_lines": [], "excluded_lines": [154, 155]}}}, "operator-pipeline-images/operatorcert/entrypoints/detect_changed_operators.py": {"executed_lines": [1, 3, 4, 5, 6, 7, 8, 9, 11, 12, 13, 14, 23, 26, 33, 36, 42, 48, 54, 59, 61, 64, 76, 79, 80, 81, 82, 83, 84, 85, 86, 87, 88, 90, 91, 92, 94, 97, 120, 121, 122, 123, 124, 125, 126, 127, 130, 150, 151, 152, 153, 154, 157, 177, 178, 180, 183, 184, 185, 188, 189, 190, 193, 195, 198, 220, 221, 222, 224, 225, 231, 232, 233, 234, 239, 240, 243, 246, 264, 266, 271, 276, 282, 284, 287, 305, 307, 314, 321, 329, 339, 341, 344, 362, 364, 371, 382, 391, 400, 402, 405, 423, 425, 431, 436, 442, 443, 446, 462, 463, 469, 470, 473, 476, 480, 488, 491, 496, 497, 500, 501, 502, 503, 506, 507, 509, 512, 514, 515, 516, 518, 521], "summary": {"covered_lines": 130, "num_statements": 130, "percent_covered": 100.0, "percent_covered_display": "100", "missing_lines": 0, "excluded_lines": 2}, "missing_lines": [], "excluded_lines": [521, 522], "functions": {"setup_argparser": {"executed_lines": [33, 36, 42, 48, 54, 59, 61], "summary": {"covered_lines": 7, "num_statements": 7, "percent_covered": 100.0, "percent_covered_display": "100", "missing_lines": 0, "excluded_lines": 0}, "missing_lines": [], "excluded_lines": []}, "github_pr_affected_files": {"executed_lines": [76, 79, 80, 81, 82, 83, 84, 85, 86, 87, 88, 90, 91, 92, 94], "summary": {"covered_lines": 15, "num_statements": 15, "percent_covered": 100.0, "percent_covered_display": "100", "missing_lines": 0, "excluded_lines": 0}, "missing_lines": [], "excluded_lines": []}, "is_operator_bundle_dir": {"executed_lines": [120, 121, 122, 123, 124, 125, 126, 127], "summary": {"covered_lines": 8, "num_statements": 8, "percent_covered": 100.0, "percent_covered_display": "100", "missing_lines": 0, "excluded_lines": 0}, "missing_lines": [], "excluded_lines": []}, "is_catalog_operator_dir": {"executed_lines": [150, 151, 152, 153, 154], "summary": {"covered_lines": 5, "num_statements": 5, "percent_covered": 100.0, "percent_covered_display": "100", "missing_lines": 0, "excluded_lines": 0}, "missing_lines": [], "excluded_lines": []}, "_find_directory_owner": {"executed_lines": [177, 178, 180, 183, 184, 185, 188, 189, 190, 193, 195], "summary": {"covered_lines": 11, "num_statements": 11, "percent_covered": 100.0, "percent_covered_display": "100", "missing_lines": 0, "excluded_lines": 0}, "missing_lines": [], "excluded_lines": []}, "_affected_bundles_and_operators_from_files": {"executed_lines": [220, 221, 222, 224, 225, 231, 232, 233, 234, 239, 240, 243], "summary": {"covered_lines": 12, "num_statements": 12, "percent_covered": 100.0, "percent_covered_display": "100", "missing_lines": 0, "excluded_lines": 0}, "missing_lines": [], "excluded_lines": []}, "detect_changed_operators": {"executed_lines": [264, 266, 271, 276, 282, 284], "summary": {"covered_lines": 6, "num_statements": 6, "percent_covered": 100.0, "percent_covered_display": "100", "missing_lines": 0, "excluded_lines": 0}, "missing_lines": [], "excluded_lines": []}, "detect_changed_operator_bundles": {"executed_lines": [305, 307, 314, 321, 329, 339, 341], "summary": {"covered_lines": 7, "num_statements": 7, "percent_covered": 100.0, "percent_covered_display": "100", "missing_lines": 0, "excluded_lines": 0}, "missing_lines": [], "excluded_lines": []}, "detect_changed_catalog_operators": {"executed_lines": [362, 364, 371, 382, 391, 400, 402], "summary": {"covered_lines": 7, "num_statements": 7, "percent_covered": 100.0, "percent_covered_display": "100", "missing_lines": 0, "excluded_lines": 0}, "missing_lines": [], "excluded_lines": []}, "detect_changed_catalogs": {"executed_lines": [423, 425, 431, 436, 442, 443], "summary": {"covered_lines": 6, "num_statements": 6, "percent_covered": 100.0, "percent_covered_display": "100", "missing_lines": 0, "excluded_lines": 0}, "missing_lines": [], "excluded_lines": []}, "detect_changes": {"executed_lines": [462, 463, 469, 470, 473, 476, 480, 488], "summary": {"covered_lines": 8, "num_statements": 8, "percent_covered": 100.0, "percent_covered_display": "100", "missing_lines": 0, "excluded_lines": 0}, "missing_lines": [], "excluded_lines": []}, "main": {"executed_lines": [496, 497, 500, 501, 502, 503, 506, 507, 509, 512, 514, 515, 516, 518], "summary": {"covered_lines": 14, "num_statements": 14, "percent_covered": 100.0, "percent_covered_display": "100", "missing_lines": 0, "excluded_lines": 0}, "missing_lines": [], "excluded_lines": []}, "": {"executed_lines": [1, 3, 4, 5, 6, 7, 8, 9, 11, 12, 13, 14, 23, 26, 64, 97, 130, 157, 198, 246, 287, 344, 405, 446, 491, 521], "summary": {"covered_lines": 24, "num_statements": 24, "percent_covered": 100.0, "percent_covered_display": "100", "missing_lines": 0, "excluded_lines": 2}, "missing_lines": [], "excluded_lines": [521, 522]}}, "classes": {"": {"executed_lines": [1, 3, 4, 5, 6, 7, 8, 9, 11, 12, 13, 14, 23, 26, 33, 36, 42, 48, 54, 59, 61, 64, 76, 79, 80, 81, 82, 83, 84, 85, 86, 87, 88, 90, 91, 92, 94, 97, 120, 121, 122, 123, 124, 125, 126, 127, 130, 150, 151, 152, 153, 154, 157, 177, 178, 180, 183, 184, 185, 188, 189, 190, 193, 195, 198, 220, 221, 222, 224, 225, 231, 232, 233, 234, 239, 240, 243, 246, 264, 266, 271, 276, 282, 284, 287, 305, 307, 314, 321, 329, 339, 341, 344, 362, 364, 371, 382, 391, 400, 402, 405, 423, 425, 431, 436, 442, 443, 446, 462, 463, 469, 470, 473, 476, 480, 488, 491, 496, 497, 500, 501, 502, 503, 506, 507, 509, 512, 514, 515, 516, 518, 521], "summary": {"covered_lines": 130, "num_statements": 130, "percent_covered": 100.0, "percent_covered_display": "100", "missing_lines": 0, "excluded_lines": 2}, "missing_lines": [], "excluded_lines": [521, 522]}}}, "operator-pipeline-images/operatorcert/entrypoints/download_test_results.py": {"executed_lines": [1, 3, 5, 6, 7, 10, 41, 46, 47, 50, 51, 52, 53, 56, 59, 62], "summary": {"covered_lines": 13, "num_statements": 13, "percent_covered": 100.0, "percent_covered_display": "100", "missing_lines": 0, "excluded_line
[...]
s": 5, "percent_covered": 100.0, "percent_covered_display": "100", "missing_lines": 0, "excluded_lines": 0}, "missing_lines": [], "excluded_lines": []}, "validate_list_of_dicts": {"executed_lines": [89, 90, 91, 93, 94, 96, 97, 99, 100, 101, 102], "summary": {"covered_lines": 11, "num_statements": 11, "percent_covered": 100.0, "percent_covered_display": "100", "missing_lines": 0, "excluded_lines": 0}, "missing_lines": [], "excluded_lines": []}, "validate_icon": {"executed_lines": [108, 109, 110, 111, 112, 114, 116, 117, 118, 119, 120, 121, 123, 129, 130], "summary": {"covered_lines": 15, "num_statements": 15, "percent_covered": 100.0, "percent_covered_display": "100", "missing_lines": 0, "excluded_lines": 0}, "missing_lines": [], "excluded_lines": []}, "validate_maintainers": {"executed_lines": [136, 137, 138], "summary": {"covered_lines": 3, "num_statements": 3, "percent_covered": 100.0, "percent_covered_display": "100", "missing_lines": 0, "excluded_lines": 0}, "missing_lines": [], "excluded_lines": []}, "validate_links": {"executed_lines": [144, 145, 146], "summary": {"covered_lines": 3, "num_statements": 3, "percent_covered": 100.0, "percent_covered_display": "100", "missing_lines": 0, "excluded_lines": 0}, "missing_lines": [], "excluded_lines": []}, "validate_list_of_strings": {"executed_lines": [151, 152, 153, 154, 155], "summary": {"covered_lines": 5, "num_statements": 5, "percent_covered": 100.0, "percent_covered_display": "100", "missing_lines": 0, "excluded_lines": 0}, "missing_lines": [], "excluded_lines": []}, "": {"executed_lines": [1, 5, 6, 7, 8, 9, 11, 12, 14, 22, 42, 49, 57, 70, 79, 105, 133, 141, 149], "summary": {"covered_lines": 18, "num_statements": 18, "percent_covered": 100.0, "percent_covered_display": "100", "missing_lines": 0, "excluded_lines": 0}, "missing_lines": [], "excluded_lines": []}}, "classes": {"": {"executed_lines": [1, 5, 6, 7, 8, 9, 11, 12, 14, 22, 42, 44, 45, 46, 49, 54, 57, 59, 62, 63, 64, 65, 66, 67, 70, 72, 73, 74, 75, 76, 79, 89, 90, 91, 93, 94, 96, 97, 99, 100, 101, 102, 105, 108, 109, 110, 111, 112, 114, 116, 117, 118, 119, 120, 121, 123, 129, 130, 133, 136, 137, 138, 141, 144, 145, 146, 149, 151, 152, 153, 154, 155], "summary": {"covered_lines": 71, "num_statements": 71, "percent_covered": 100.0, "percent_covered_display": "100", "missing_lines": 0, "excluded_lines": 0}, "missing_lines": [], "excluded_lines": []}}}, "operator-pipeline-images/operatorcert/static_tests/helpers.py": {"executed_lines": [1, 3, 5, 6, 7, 10, 13, 21, 22, 23, 24, 25, 26, 27, 29, 31, 32, 33, 35, 36, 41, 43], "summary": {"covered_lines": 21, "num_statements": 21, "percent_covered": 100.0, "percent_covered_display": "100", "missing_lines": 0, "excluded_lines": 0}, "missing_lines": [], "excluded_lines": [], "functions": {"skip_fbc": {"executed_lines": [21, 22, 43], "summary": {"covered_lines": 3, "num_statements": 3, "percent_covered": 100.0, "percent_covered_display": "100", "missing_lines": 0, "excluded_lines": 0}, "missing_lines": [], "excluded_lines": []}, "skip_fbc.wrapper": {"executed_lines": [23, 24, 25, 26, 27, 29, 31, 32, 33, 35, 36, 41], "summary": {"covered_lines": 12, "num_statements": 12, "percent_covered": 100.0, "percent_covered_display": "100", "missing_lines": 0, "excluded_lines": 0}, "missing_lines": [], "excluded_lines": []}, "": {"executed_lines": [1, 3, 5, 6, 7, 10, 13], "summary": {"covered_lines": 6, "num_statements": 6, "percent_covered": 100.0, "percent_covered_display": "100", "missing_lines": 0, "excluded_lines": 0}, "missing_lines": [], "excluded_lines": []}}, "classes": {"": {"executed_lines": [1, 3, 5, 6, 7, 10, 13, 21, 22, 23, 24, 25, 26, 27, 29, 31, 32, 33, 35, 36, 41, 43], "summary": {"covered_lines": 21, "num_statements": 21, "percent_covered": 100.0, "percent_covered_display": "100", "missing_lines": 0, "excluded_lines": 0}, "missing_lines": [], "excluded_lines": []}}}, "operator-pipeline-images/operatorcert/static_tests/isv/__init__.py": {"executed_lines": [1], "summary": {"covered_lines": 0, "num_statements": 0, "percent_covered": 100.0, "percent_covered_display": "100", "missing_lines": 0, "excluded_lines": 0}, "missing_lines": [], "excluded_lines": [], "functions": {"": {"executed_lines": [1], "summary": {"covered_lines": 0, "num_statements": 0, "percent_covered": 100.0, "percent_covered_display": "100", "missing_lines": 0, "excluded_lines": 0}, "missing_lines": [], "excluded_lines": []}}, "classes": {"": {"executed_lines": [1], "summary": {"covered_lines": 0, "num_statements": 0, "percent_covered": 100.0, "percent_covered_display": "100", "missing_lines": 0, "excluded_lines": 0}, "missing_lines": [], "excluded_lines": []}}}, "operator-pipeline-images/operatorcert/static_tests/isv/bundle.py": {"executed_lines": [1, 3, 5, 6, 7, 9, 19, 20, 27, 28, 29, 33, 34, 35, 37, 38, 39, 42, 45, 52, 53, 54, 55, 57, 61, 62, 66, 71, 72, 74, 75, 82, 83], "summary": {"covered_lines": 32, "num_statements": 32, "percent_covered": 100.0, "percent_covered_display": "100", "missing_lines": 0, "excluded_lines": 0}, "missing_lines": [], "excluded_lines": [], "functions": {"check_pruned_graph": {"executed_lines": [27, 28, 29, 33, 34, 35, 37, 38, 39, 42], "summary": {"covered_lines": 10, "num_statements": 10, "percent_covered": 100.0, "percent_covered_display": "100", "missing_lines": 0, "excluded_lines": 0}, "missing_lines": [], "excluded_lines": []}, "check_marketplace_annotation": {"executed_lines": [52, 53, 54, 55, 57, 61, 62, 66, 71, 72, 74, 75, 82, 83], "summary": {"covered_lines": 14, "num_statements": 14, "percent_covered": 100.0, "percent_covered_display": "100", "missing_lines": 0, "excluded_lines": 0}, "missing_lines": [], "excluded_lines": []}, "": {"executed_lines": [1, 3, 5, 6, 7, 9, 19, 20, 45], "summary": {"covered_lines": 8, "num_statements": 8, "percent_covered": 100.0, "percent_covered_display": "100", "missing_lines": 0, "excluded_lines": 0}, "missing_lines": [], "excluded_lines": []}}, "classes": {"": {"executed_lines": [1, 3, 5, 6, 7, 9, 19, 20, 27, 28, 29, 33, 34, 35, 37, 38, 39, 42, 45, 52, 53, 54, 55, 57, 61, 62, 66, 71, 72, 74, 75, 82, 83], "summary": {"covered_lines": 32, "num_statements": 32, "percent_covered": 100.0, "percent_covered_display": "100", "missing_lines": 0, "excluded_lines": 0}, "missing_lines": [], "excluded_lines": []}}}, "operator-pipeline-images/operatorcert/static_tests/isv/operator.py": {"executed_lines": [], "summary": {"covered_lines": 0, "num_statements": 0, "percent_covered": 100.0, "percent_covered_display": "100", "missing_lines": 0, "excluded_lines": 0}, "missing_lines": [], "excluded_lines": [], "functions": {"": {"executed_lines": [], "summary": {"covered_lines": 0, "num_statements": 0, "percent_covered": 100.0, "percent_covered_display": "100", "missing_lines": 0, "excluded_lines": 0}, "missing_lines": [], "excluded_lines": []}}, "classes": {"": {"executed_lines": [], "summary": {"covered_lines": 0, "num_statements": 0, "percent_covered": 100.0, "percent_covered_display": "100", "missing_lines": 0, "excluded_lines": 0}, "missing_lines": [], "excluded_lines": []}}}, "operator-pipeline-images/operatorcert/tekton.py": {"executed_lines": [1, 3, 4, 5, 7, 8, 11, 12, 15, 16, 17, 19, 20, 22, 23, 30, 32, 33, 40, 42, 43, 50, 52, 53, 60, 62, 63, 70, 71, 74, 75, 77, 79, 80, 81, 82, 83, 86, 87, 90, 97, 112, 114, 115, 116, 118, 119, 130, 131, 133, 134, 136, 138, 139, 146, 148, 149, 156, 158, 159, 166, 168, 169, 176, 177, 178, 180, 191, 193, 195, 197, 198, 200, 202, 208, 210, 212], "summary": {"covered_lines": 74, "num_statements": 74, "percent_covered": 100.0, "percent_covered_display": "100", "missing_lines": 0, "excluded_lines": 0}, "missing_lines": [], "excluded_lines": [], "functions": {"TaskRun.__init__": {"executed_lines": [20], "summary": {"covered_lines": 1, "num_statements": 1, "percent_covered": 100.0, "percent_covered_display": "100", "missing_lines": 0, "excluded_lines": 0}, "missing_lines": [], "excluded_lines": []}, "TaskRun.pipelinetask": {"executed_lines": [30], "summary": {"covered_lines": 1, "num_statements": 1, "percent_covered": 100.0, "percent_covered_display": "100", "missing_lines": 0, "excluded_lines": 0}, "missing_lines": [], "excluded_lines": []}, "TaskRun.start_time": {"executed_lines": [40], "summary": {"covered_lines": 1, "num_statements": 1, "percent_covered": 100.0, "percent_covered_display": "100", "missing_lines": 0, "excluded_lines": 0}, "missing_lines": [], "excluded_lines": []}, "TaskRun.completion_time": {"executed_lines": [50], "summary": {"covered_lines": 1, "num_statements": 1, "percent_covered": 100.0, "percent_covered_display": "100", "missing_lines": 0, "excluded_lines": 0}, "missing_lines": [], "excluded_lines": []}, "TaskRun.duration": {"executed_lines": [60], "summary": {"covered_lines": 1, "num_statements": 1, "percent_covered": 100.0, "percent_covered_display": "100", "missing_lines": 0, "excluded_lines": 0}, "missing_lines": [], "excluded_lines": []}, "TaskRun.status": {"executed_lines": [70, 71, 74, 75, 77, 79, 80, 81, 82, 83], "summary": {"covered_lines": 10, "num_statements": 10, "percent_covered": 100.0, "percent_covered_display": "100", "missing_lines": 0, "excluded_lines": 0}, "missing_lines": [], "excluded_lines": []}, "PipelineRun.__init__": {"executed_lines": [115, 116], "summary": {"covered_lines": 2, "num_statements": 2, "percent_covered": 100.0, "percent_covered_display": "100", "missing_lines": 0, "excluded_lines": 0}, "missing_lines": [], "excluded_lines": []}, "PipelineRun.from_files": {"executed_lines": [130, 131, 133, 134, 136], "summary": {"covered_lines": 5, "num_statements": 5, "percent_covered": 100.0, "percent_covered_display": "100", "missing_lines": 0, "excluded_lines": 0}, "missing_lines": [], "excluded_lines": []}, "PipelineRun.pipeline": {"executed_lines": [146], "summary": {"covered_lines": 1, "num_statements": 1, "percent_covered": 100.0, "percent_covered_display": "100", "missing_lines": 0, "excluded_lines": 0}, "missing_lines": [], "excluded_lines": []}, "PipelineRun.name": {"executed_lines": [156], "summary": {"covered_lines": 1, "num_statements": 1, "percent_covered": 100.0, "percent_covered_display": "100", "missing_lines": 0, "excluded_lines": 0}, "missing_lines": [], "excluded_lines": []}, "PipelineRun.start_time": {"executed_lines": [166], "summary": {"covered_lines": 1, "num_statements": 1, "percent_covered": 100.0, "percent_covered_display": "100", "missing_lines": 0, "excluded_lines": 0}, "missing_lines": [], "excluded_lines": []}, "PipelineRun.finally_taskruns": {"executed_lines": [176, 177, 178], "summary": {"covered_lines": 3, "num_statements": 3, "percent_covered": 100.0, "percent_covered_display": "100", "missing_lines": 0, "excluded_lines": 0}, "missing_lines": [], "excluded_lines": []}, "PipelineRun.markdown_summary": {"executed_lines": [191, 193, 195, 197, 198, 200, 202, 208, 210, 212], "summary": {"covered_lines": 10, "num_statements": 10, "percent_covered": 100.0, "percent_covered_display": "100", "missing_lines": 0, "excluded_lines": 0}, "missing_lines": [], "excluded_lines": []}, "": {"executed_lines": [1, 3, 4, 5, 7, 8, 11, 12, 15, 16, 17, 19, 22, 23, 32, 33, 42, 43, 52, 53, 62, 63, 86, 87, 90, 97, 112, 114, 118, 119, 138, 139, 148, 149, 158, 159, 168, 169, 180], "summary": {"covered_lines": 36, "num_statements": 36, "percent_covered": 100.0, "percent_covered_display": "100", "missing_lines": 0, "excluded_lines": 0}, "missing_lines": [], "excluded_lines": []}}, "classes": {"TaskRun": {"executed_lines": [20, 30, 40, 50, 60, 70, 71, 74, 75, 77, 79, 80, 81, 82, 83], "summary": {"covered_lines": 15, "num_statements": 15, "percent_covered": 100.0, "percent_covered_display": "100", "missing_lines": 0, "excluded_lines": 0}, "missing_lines": [], "excluded_lines": []}, "PipelineRun": {"executed_lines": [115, 116, 130, 131, 133, 134, 136, 146, 156, 166, 176, 177, 178, 191, 193, 195, 197, 198, 200, 202, 208, 210, 212], "summary": {"covered_lines": 23, "num_statements": 23, "percent_covered": 100.0, "percent_covered_display": "100", "missing_lines": 0, "excluded_lines": 0}, "missing_lines": [], "excluded_lines": []}, "": {"executed_lines": [1, 3, 4, 5, 7, 8, 11, 12, 15, 16, 17, 19, 22, 23, 32, 33, 42, 43, 52, 53, 62, 63, 86, 87, 90, 97, 112, 114, 118, 119, 138, 139, 148, 149, 158, 159, 168, 169, 180], "summary": {"covered_lines": 36, "num_statements": 36, "percent_covered": 100.0, "percent_covered_display": "100", "missing_lines": 0, "excluded_lines": 0}, "missing_lines": [], "excluded_lines": []}}}, "operator-pipeline-images/operatorcert/umb.py": {"executed_lines": [1, 3, 4, 5, 6, 7, 8, 10, 11, 13, 16, 17, 21, 29, 30, 31, 32, 33, 34, 35, 41, 49, 51, 57, 58, 59, 61, 62, 68, 70, 77, 78, 79, 81, 82, 83, 85, 89, 91, 95, 96, 99, 108, 110, 111, 113, 114, 116, 117, 118, 120, 127, 128, 131, 132, 135], "summary": {"covered_lines": 54, "num_statements": 54, "percent_covered": 100.0, "percent_covered_display": "100", "missing_lines": 0, "excluded_lines": 0}, "missing_lines": [], "excluded_lines": [], "functions": {"UmbClient.__init__": {"executed_lines": [29, 30, 31, 32, 33, 34, 35, 41, 49], "summary": {"covered_lines": 9, "num_statements": 9, "percent_covered": 100.0, "percent_covered_display": "100", "missing_lines": 0, "excluded_lines": 0}, "missing_lines": [], "excluded_lines": []}, "UmbClient.connect_and_subscribe": {"executed_lines": [57, 58, 59, 61, 62, 68], "summary": {"covered_lines": 6, "num_statements": 6, "percent_covered": 100.0, "percent_covered_display": "100", "missing_lines": 0, "excluded_lines": 0}, "missing_lines": [], "excluded_lines": []}, "UmbClient.send": {"executed_lines": [77, 78, 79, 81, 82, 83], "summary": {"covered_lines": 6, "num_statements": 6, "percent_covered": 100.0, "percent_covered_display": "100", "missing_lines": 0, "excluded_lines": 0}, "missing_lines": [], "excluded_lines": []}, "UmbClient.stop": {"executed_lines": [89], "summary": {"covered_lines": 1, "num_statements": 1, "percent_covered": 100.0, "percent_covered_display": "100", "missing_lines": 0, "excluded_lines": 0}, "missing_lines": [], "excluded_lines": []}, "UmbClient.unsubscribe": {"executed_lines": [95, 96], "summary": {"covered_lines": 2, "num_statements": 2, "percent_covered": 100.0, "percent_covered_display": "100", "missing_lines": 0, "excluded_lines": 0}, "missing_lines": [], "excluded_lines": []}, "start_umb_client": {"executed_lines": [108, 110, 111, 113, 114, 116, 117, 118, 120, 127, 128, 131, 132, 135], "summary": {"covered_lines": 14, "num_statements": 14, "percent_covered": 100.0, "percent_covered_display": "100", "missing_lines": 0, "excluded_lines": 0}, "missing_lines": [], "excluded_lines": []}, "": {"executed_lines": [1, 3, 4, 5, 6, 7, 8, 10, 11, 13, 16, 17, 21, 51, 70, 85, 91, 99], "summary": {"covered_lines": 16, "num_statements": 16, "percent_covered": 100.0, "percent_covered_display": "100", "missing_lines": 0, "excluded_lines": 0}, "missing_lines": [], "excluded_lines": []}}, "classes": {"UmbClient": {"executed_lines": [29, 30, 31, 32, 33, 34, 35, 41, 49, 57, 58, 59, 61, 62, 68, 77, 78, 79, 81, 82, 83, 89, 95, 96], "summary": {"covered_lines": 24, "num_statements": 24, "percent_covered": 100.0, "percent_covered_display": "100", "missing_lines": 0, "excluded_lines": 0}, "missing_lines": [], "excluded_lines": []}, "": {"executed_lines": [1, 3, 4, 5, 6, 7, 8, 10, 11, 13, 16, 17, 21, 51, 70, 85, 91, 99, 108, 110, 111, 113, 114, 116, 117, 118, 120, 127, 128, 131, 132, 135], "summary": {"covered_lines": 30, "num_statements": 30, "percent_covered": 100.0, "percent_covered_display": "100", "missing_lines": 0, "excluded_lines": 0}, "missing_lines": [], "excluded_lines": []}}}, "operator-pipeline-images/operatorcert/utils.py": {"executed_lines": [1, 3, 4, 5, 6, 7, 8, 9, 11, 12, 13, 14, 15, 17, 20, 34, 35, 36, 37, 38, 41, 49, 50, 51, 52, 53, 54, 55, 56, 58, 61, 67, 68, 69, 70, 71, 72, 77, 95, 104, 105, 106, 109, 119, 120, 123, 124, 128, 131, 134, 146, 147, 148, 155, 156, 161, 162, 163, 166, 178, 179, 184, 185, 187, 188, 189, 190, 191, 192, 194, 195, 198, 214, 215, 216, 224, 225, 227, 228], "summary": {"covered_lines": 77, "num_statements": 77, "percent_covered": 100.0, "percent_covered_display": "100", "missing_lines": 0, "excluded_lines": 0}, "missing_lines": [], "excluded_lines": [], "functions": {"find_file": {"executed_lines": [34, 35, 36, 37, 38], "summary": {"covered_lines": 5, "num_statements": 5, "percent_covered": 100.0, "percent_covered_display": "100", "missing_lines": 0, "excluded_lines": 0}, "missing_lines": [], "excluded_lines": []}, "store_results": {"executed_lines": [49, 50, 51, 52, 53, 54, 55, 56, 58], "summary": {"covered_lines": 9, "num_statements": 9, "percent_covered": 100.0, "percent_covered_display": "100", "missing_lines": 0, "excluded_lines": 0}, "missing_lines": [], "excluded_lines": []}, "set_client_keytab": {"executed_lines": [67, 68, 69, 70, 71, 72], "summary": {"covered_lines": 6, "num_statements": 6, "percent_covered": 100.0, "percent_covered_display": "100", "missing_lines": 0, "excluded_lines": 0}, "missing_lines": [], "excluded_lines": []}, "add_session_retries": {"executed_lines": [95, 104, 105, 106], "summary": {"covered_lines": 4, "num_statements": 4, "percent_covered": 100.0, "percent_covered_display": "100", "missing_lines": 0, "excluded_lines": 0}, "missing_lines": [], "excluded_lines": []}, "get_repo_config": {"executed_lines": [119, 120], "summary": {"covered_lines": 2, "num_statements": 2, "percent_covered": 100.0, "percent_covered_display": "100", "missing_lines": 0, "excluded_lines": 0}, "missing_lines": [], "excluded_lines": []}, "SplitArgs.__call__": {"executed_lines": [131], "summary": {"covered_lines": 1, "num_statements": 1, "percent_covered": 100.0, "percent_covered_display": "100", "missing_lines": 0, "excluded_lines": 0}, "missing_lines": [], "excluded_lines": []}, "run_command": {"executed_lines": [146, 147, 148, 155, 156, 161, 162, 163], "summary": {"covered_lines": 8, "num_statements": 8, "percent_covered": 100.0, "percent_covered_display": "100", "missing_lines": 0, "excluded_lines": 0}, "missing_lines": [], "excluded_lines": []}, "get_ocp_supported_versions": {"executed_lines": [178, 179, 184, 185, 187, 188, 189, 190, 191, 192, 194, 195], "summary": {"covered_lines": 12, "num_statements": 12, "percent_covered": 100.0, "percent_covered_display": "100", "missing_lines": 0, "excluded_lines": 0}, "missing_lines": [], "excluded_lines": []}, "copy_images_to_destination": {"executed_lines": [214, 215, 216, 224, 225, 227, 228], "summary": {"covered_lines": 7, "num_statements": 7, "percent_covered": 100.0, "percent_covered_display": "100", "missing_lines": 0, "excluded_lines": 0}, "missing_lines": [], "excluded_lines": []}, "": {"executed_lines": [1, 3, 4, 5, 6, 7, 8, 9, 11, 12, 13, 14, 15, 17, 20, 41, 61, 77, 109, 123, 124, 128, 134, 166, 198], "summary": {"covered_lines": 23, "num_statements": 23, "percent_covered": 100.0, "percent_covered_display": "100", "missing_lines": 0, "excluded_lines": 0}, "missing_lines": [], "excluded_lines": []}}, "classes": {"SplitArgs": {"executed_lines": [131], "summary": {"covered_lines": 1, "num_statements": 1, "percent_covered": 100.0, "percent_covered_display": "100", "missing_lines": 0, "excluded_lines": 0}, "missing_lines": [], "excluded_lines": []}, "": {"executed_lines": [1, 3, 4, 5, 6, 7, 8, 9, 11, 12, 13, 14, 15, 17, 20, 34, 35, 36, 37, 38, 41, 49, 50, 51, 52, 53, 54, 55, 56, 58, 61, 67, 68, 69, 70, 71, 72, 77, 95, 104, 105, 106, 109, 119, 120, 123, 124, 128, 134, 146, 147, 148, 155, 156, 161, 162, 163, 166, 178, 179, 184, 185, 187, 188, 189, 190, 191, 192, 194, 195, 198, 214, 215, 216, 224, 225, 227, 228], "summary": {"covered_lines": 76, "num_statements": 76, "percent_covered": 100.0, "percent_covered_display": "100", "missing_lines": 0, "excluded_lines": 0}, "missing_lines": [], "excluded_lines": []}}}}, "totals": {"covered_lines": 3869, "num_statements": 3869, "percent_covered": 100.0, "percent_covered_display": "100", "missing_lines": 0, "excluded_lines": 1091}}